Created by PLY version 3.11 (http://www.dabeaz.com/ply)

Grammar

Rule 0     S' -> declaraciones
Rule 1     declaraciones -> declaracion declaraciones
Rule 2     declaraciones -> declaracion
Rule 3     declaracion -> VARIABLE IGUAL DIGITO PUNTO_Y_COMA
Rule 4     declaracion -> VARIABLE IGUAL COMILLA VARIABLE COMILLA PUNTO_Y_COMA
Rule 5     declaracion -> VARIABLE IGUAL BOOLEAN_TRUE PUNTO_Y_COMA
Rule 6     declaracion -> VARIABLE IGUAL BOOLEAN_FALSE PUNTO_Y_COMA
Rule 7     declaracion -> CONDICIONAL_IF DIGITO MAYOR_QUE DIGITO DOS_PUNTOS PRINT PARENTESIS_INICIAL COMILLA VARIABLE COMILLA PARENTESIS_FINAL PUNTO_Y_COMA
Rule 8     declaracion -> CONDICIONAL_IF DIGITO MENOR_QUE DIGITO DOS_PUNTOS PRINT PARENTESIS_INICIAL COMILLA VARIABLE COMILLA PARENTESIS_FINAL PUNTO_Y_COMA
Rule 9     declaracion -> CONDICIONAL_IF DIGITO MENOR_IGUAL DIGITO DOS_PUNTOS PRINT PARENTESIS_INICIAL COMILLA VARIABLE COMILLA PARENTESIS_FINAL PUNTO_Y_COMA
Rule 10    declaracion -> CONDICIONAL_IF DIGITO MAYOR_IGUAL DIGITO DOS_PUNTOS PRINT PARENTESIS_INICIAL COMILLA VARIABLE COMILLA PARENTESIS_FINAL PUNTO_Y_COMA
Rule 11    declaracion -> CONDICIONAL_IF DIGITO MAYOR_QUE DIGITO DOS_PUNTOS CICLO_FOR VARIABLE IN RANGE PARENTESIS_INICIAL DIGITO PARENTESIS_FINAL DOS_PUNTOS PRINT PARENTESIS_INICIAL COMILLA VARIABLE COMILLA PARENTESIS_FINAL PUNTO_Y_COMA
Rule 12    declaracion -> CONDICIONAL_IF DIGITO MENOR_QUE DIGITO DOS_PUNTOS CICLO_FOR VARIABLE IN RANGE PARENTESIS_INICIAL DIGITO PARENTESIS_FINAL DOS_PUNTOS PRINT PARENTESIS_INICIAL COMILLA VARIABLE COMILLA PARENTESIS_FINAL PUNTO_Y_COMA
Rule 13    declaracion -> CONDICIONAL_IF DIGITO MENOR_IGUAL DIGITO DOS_PUNTOS CICLO_FOR VARIABLE IN RANGE PARENTESIS_INICIAL DIGITO PARENTESIS_FINAL DOS_PUNTOS PRINT PARENTESIS_INICIAL COMILLA VARIABLE COMILLA PARENTESIS_FINAL PUNTO_Y_COMA
Rule 14    declaracion -> CONDICIONAL_IF DIGITO MAYOR_IGUAL DIGITO DOS_PUNTOS CICLO_FOR VARIABLE IN RANGE PARENTESIS_INICIAL DIGITO PARENTESIS_FINAL DOS_PUNTOS PRINT PARENTESIS_INICIAL COMILLA VARIABLE COMILLA PARENTESIS_FINAL PUNTO_Y_COMA
Rule 15    declaracion -> FUNCION_DEF VARIABLE PARENTESIS_INICIAL PARENTESIS_FINAL DOS_PUNTOS PRINT PARENTESIS_INICIAL COMILLA VARIABLE COMILLA PARENTESIS_FINAL PUNTO_Y_COMA
Rule 16    declaracion -> FUNCION_DEF VARIABLE PARENTESIS_INICIAL PARENTESIS_FINAL DOS_PUNTOS CICLO_FOR VARIABLE IN RANGE PARENTESIS_INICIAL DIGITO PARENTESIS_FINAL DOS_PUNTOS PRINT PARENTESIS_INICIAL COMILLA VARIABLE COMILLA PARENTESIS_FINAL PUNTO_Y_COMA
Rule 17    declaracion -> VARIABLE PARENTESIS_INICIAL PARENTESIS_FINAL PUNTO_Y_COMA
Rule 18    declaracion -> CICLO_FOR VARIABLE IN RANGE PARENTESIS_INICIAL DIGITO PARENTESIS_FINAL DOS_PUNTOS PRINT PARENTESIS_INICIAL COMILLA VARIABLE COMILLA PARENTESIS_FINAL PUNTO_Y_COMA
Rule 19    declaracion -> PRINT PARENTESIS_INICIAL COMILLA VARIABLE COMILLA PARENTESIS_FINAL PUNTO_Y_COMA
Rule 20    declaracion -> PRINT PARENTESIS_INICIAL VARIABLE PARENTESIS_FINAL PUNTO_Y_COMA

Terminals, with rules where they appear

BOOLEAN_FALSE        : 6
BOOLEAN_TRUE         : 5
CICLO_FOR            : 11 12 13 14 16 18
COMILLA              : 4 4 7 7 8 8 9 9 10 10 11 11 12 12 13 13 14 14 15 15 16 16 18 18 19 19
CONDICIONAL_IF       : 7 8 9 10 11 12 13 14
DIGITO               : 3 7 7 8 8 9 9 10 10 11 11 11 12 12 12 13 13 13 14 14 14 16 18
DOS_PUNTOS           : 7 8 9 10 11 11 12 12 13 13 14 14 15 16 16 18
FUNCION_DEF          : 15 16
IGUAL                : 3 4 5 6
IN                   : 11 12 13 14 16 18
MAYOR_IGUAL          : 10 14
MAYOR_QUE            : 7 11
MENOR_IGUAL          : 9 13
MENOR_QUE            : 8 12
PARENTESIS_FINAL     : 7 8 9 10 11 11 12 12 13 13 14 14 15 15 16 16 16 17 18 18 19 20
PARENTESIS_INICIAL   : 7 8 9 10 11 11 12 12 13 13 14 14 15 15 16 16 16 17 18 18 19 20
PRINT                : 7 8 9 10 11 12 13 14 15 16 18 19 20
PUNTO_Y_COMA         : 3 4 5 6 7 8 9 10 11 12 13 14 15 16 17 18 19 20
RANGE                : 11 12 13 14 16 18
VARIABLE             : 3 4 4 5 6 7 8 9 10 11 11 12 12 13 13 14 14 15 15 16 16 16 17 18 18 19 20
error                : 

Nonterminals, with rules where they appear

declaracion          : 1 2
declaraciones        : 1 0

Parsing method: LALR

state 0

    (0) S' -> . declaraciones
    (1) declaraciones -> . declaracion declaraciones
    (2) declaraciones -> . declaracion
    (3) declaracion -> . VARIABLE IGUAL DIGITO PUNTO_Y_COMA
    (4) declaracion -> . VARIABLE IGUAL COMILLA VARIABLE COMILLA PUNTO_Y_COMA
    (5) declaracion -> . VARIABLE IGUAL BOOLEAN_TRUE PUNTO_Y_COMA
    (6) declaracion -> . VARIABLE IGUAL BOOLEAN_FALSE PUNTO_Y_COMA
    (7) declaracion -> . CONDICIONAL_IF DIGITO MAYOR_QUE DIGITO DOS_PUNTOS PRINT PARENTESIS_INICIAL COMILLA VARIABLE COMILLA PARENTESIS_FINAL PUNTO_Y_COMA
    (8) declaracion -> . CONDICIONAL_IF DIGITO MENOR_QUE DIGITO DOS_PUNTOS PRINT PARENTESIS_INICIAL COMILLA VARIABLE COMILLA PARENTESIS_FINAL PUNTO_Y_COMA
    (9) declaracion -> . CONDICIONAL_IF DIGITO MENOR_IGUAL DIGITO DOS_PUNTOS PRINT PARENTESIS_INICIAL COMILLA VARIABLE COMILLA PARENTESIS_FINAL PUNTO_Y_COMA
    (10) declaracion -> . CONDICIONAL_IF DIGITO MAYOR_IGUAL DIGITO DOS_PUNTOS PRINT PARENTESIS_INICIAL COMILLA VARIABLE COMILLA PARENTESIS_FINAL PUNTO_Y_COMA
    (11) declaracion -> . CONDICIONAL_IF DIGITO MAYOR_QUE DIGITO DOS_PUNTOS CICLO_FOR VARIABLE IN RANGE PARENTESIS_INICIAL DIGITO PARENTESIS_FINAL DOS_PUNTOS PRINT PARENTESIS_INICIAL COMILLA VARIABLE COMILLA PARENTESIS_FINAL PUNTO_Y_COMA
    (12) declaracion -> . CONDICIONAL_IF DIGITO MENOR_QUE DIGITO DOS_PUNTOS CICLO_FOR VARIABLE IN RANGE PARENTESIS_INICIAL DIGITO PARENTESIS_FINAL DOS_PUNTOS PRINT PARENTESIS_INICIAL COMILLA VARIABLE COMILLA PARENTESIS_FINAL PUNTO_Y_COMA
    (13) declaracion -> . CONDICIONAL_IF DIGITO MENOR_IGUAL DIGITO DOS_PUNTOS CICLO_FOR VARIABLE IN RANGE PARENTESIS_INICIAL DIGITO PARENTESIS_FINAL DOS_PUNTOS PRINT PARENTESIS_INICIAL COMILLA VARIABLE COMILLA PARENTESIS_FINAL PUNTO_Y_COMA
    (14) declaracion -> . CONDICIONAL_IF DIGITO MAYOR_IGUAL DIGITO DOS_PUNTOS CICLO_FOR VARIABLE IN RANGE PARENTESIS_INICIAL DIGITO PARENTESIS_FINAL DOS_PUNTOS PRINT PARENTESIS_INICIAL COMILLA VARIABLE COMILLA PARENTESIS_FINAL PUNTO_Y_COMA
    (15) declaracion -> . FUNCION_DEF VARIABLE PARENTESIS_INICIAL PARENTESIS_FINAL DOS_PUNTOS PRINT PARENTESIS_INICIAL COMILLA VARIABLE COMILLA PARENTESIS_FINAL PUNTO_Y_COMA
    (16) declaracion -> . FUNCION_DEF VARIABLE PARENTESIS_INICIAL PARENTESIS_FINAL DOS_PUNTOS CICLO_FOR VARIABLE IN RANGE PARENTESIS_INICIAL DIGITO PARENTESIS_FINAL DOS_PUNTOS PRINT PARENTESIS_INICIAL COMILLA VARIABLE COMILLA PARENTESIS_FINAL PUNTO_Y_COMA
    (17) declaracion -> . VARIABLE PARENTESIS_INICIAL PARENTESIS_FINAL PUNTO_Y_COMA
    (18) declaracion -> . CICLO_FOR VARIABLE IN RANGE PARENTESIS_INICIAL DIGITO PARENTESIS_FINAL DOS_PUNTOS PRINT PARENTESIS_INICIAL COMILLA VARIABLE COMILLA PARENTESIS_FINAL PUNTO_Y_COMA
    (19) declaracion -> . PRINT PARENTESIS_INICIAL COMILLA VARIABLE COMILLA PARENTESIS_FINAL PUNTO_Y_COMA
    (20) declaracion -> . PRINT PARENTESIS_INICIAL VARIABLE PARENTESIS_FINAL PUNTO_Y_COMA

    VARIABLE        shift and go to state 3
    CONDICIONAL_IF  shift and go to state 4
    FUNCION_DEF     shift and go to state 7
    CICLO_FOR       shift and go to state 6
    PRINT           shift and go to state 5

    declaraciones                  shift and go to state 1
    declaracion                    shift and go to state 2

state 1

    (0) S' -> declaraciones .



state 2

    (1) declaraciones -> declaracion . declaraciones
    (2) declaraciones -> declaracion .
    (1) declaraciones -> . declaracion declaraciones
    (2) declaraciones -> . declaracion
    (3) declaracion -> . VARIABLE IGUAL DIGITO PUNTO_Y_COMA
    (4) declaracion -> . VARIABLE IGUAL COMILLA VARIABLE COMILLA PUNTO_Y_COMA
    (5) declaracion -> . VARIABLE IGUAL BOOLEAN_TRUE PUNTO_Y_COMA
    (6) declaracion -> . VARIABLE IGUAL BOOLEAN_FALSE PUNTO_Y_COMA
    (7) declaracion -> . CONDICIONAL_IF DIGITO MAYOR_QUE DIGITO DOS_PUNTOS PRINT PARENTESIS_INICIAL COMILLA VARIABLE COMILLA PARENTESIS_FINAL PUNTO_Y_COMA
    (8) declaracion -> . CONDICIONAL_IF DIGITO MENOR_QUE DIGITO DOS_PUNTOS PRINT PARENTESIS_INICIAL COMILLA VARIABLE COMILLA PARENTESIS_FINAL PUNTO_Y_COMA
    (9) declaracion -> . CONDICIONAL_IF DIGITO MENOR_IGUAL DIGITO DOS_PUNTOS PRINT PARENTESIS_INICIAL COMILLA VARIABLE COMILLA PARENTESIS_FINAL PUNTO_Y_COMA
    (10) declaracion -> . CONDICIONAL_IF DIGITO MAYOR_IGUAL DIGITO DOS_PUNTOS PRINT PARENTESIS_INICIAL COMILLA VARIABLE COMILLA PARENTESIS_FINAL PUNTO_Y_COMA
    (11) declaracion -> . CONDICIONAL_IF DIGITO MAYOR_QUE DIGITO DOS_PUNTOS CICLO_FOR VARIABLE IN RANGE PARENTESIS_INICIAL DIGITO PARENTESIS_FINAL DOS_PUNTOS PRINT PARENTESIS_INICIAL COMILLA VARIABLE COMILLA PARENTESIS_FINAL PUNTO_Y_COMA
    (12) declaracion -> . CONDICIONAL_IF DIGITO MENOR_QUE DIGITO DOS_PUNTOS CICLO_FOR VARIABLE IN RANGE PARENTESIS_INICIAL DIGITO PARENTESIS_FINAL DOS_PUNTOS PRINT PARENTESIS_INICIAL COMILLA VARIABLE COMILLA PARENTESIS_FINAL PUNTO_Y_COMA
    (13) declaracion -> . CONDICIONAL_IF DIGITO MENOR_IGUAL DIGITO DOS_PUNTOS CICLO_FOR VARIABLE IN RANGE PARENTESIS_INICIAL DIGITO PARENTESIS_FINAL DOS_PUNTOS PRINT PARENTESIS_INICIAL COMILLA VARIABLE COMILLA PARENTESIS_FINAL PUNTO_Y_COMA
    (14) declaracion -> . CONDICIONAL_IF DIGITO MAYOR_IGUAL DIGITO DOS_PUNTOS CICLO_FOR VARIABLE IN RANGE PARENTESIS_INICIAL DIGITO PARENTESIS_FINAL DOS_PUNTOS PRINT PARENTESIS_INICIAL COMILLA VARIABLE COMILLA PARENTESIS_FINAL PUNTO_Y_COMA
    (15) declaracion -> . FUNCION_DEF VARIABLE PARENTESIS_INICIAL PARENTESIS_FINAL DOS_PUNTOS PRINT PARENTESIS_INICIAL COMILLA VARIABLE COMILLA PARENTESIS_FINAL PUNTO_Y_COMA
    (16) declaracion -> . FUNCION_DEF VARIABLE PARENTESIS_INICIAL PARENTESIS_FINAL DOS_PUNTOS CICLO_FOR VARIABLE IN RANGE PARENTESIS_INICIAL DIGITO PARENTESIS_FINAL DOS_PUNTOS PRINT PARENTESIS_INICIAL COMILLA VARIABLE COMILLA PARENTESIS_FINAL PUNTO_Y_COMA
    (17) declaracion -> . VARIABLE PARENTESIS_INICIAL PARENTESIS_FINAL PUNTO_Y_COMA
    (18) declaracion -> . CICLO_FOR VARIABLE IN RANGE PARENTESIS_INICIAL DIGITO PARENTESIS_FINAL DOS_PUNTOS PRINT PARENTESIS_INICIAL COMILLA VARIABLE COMILLA PARENTESIS_FINAL PUNTO_Y_COMA
    (19) declaracion -> . PRINT PARENTESIS_INICIAL COMILLA VARIABLE COMILLA PARENTESIS_FINAL PUNTO_Y_COMA
    (20) declaracion -> . PRINT PARENTESIS_INICIAL VARIABLE PARENTESIS_FINAL PUNTO_Y_COMA

    $end            reduce using rule 2 (declaraciones -> declaracion .)
    VARIABLE        shift and go to state 3
    CONDICIONAL_IF  shift and go to state 4
    FUNCION_DEF     shift and go to state 7
    CICLO_FOR       shift and go to state 6
    PRINT           shift and go to state 5

    declaracion                    shift and go to state 2
    declaraciones                  shift and go to state 8

state 3

    (3) declaracion -> VARIABLE . IGUAL DIGITO PUNTO_Y_COMA
    (4) declaracion -> VARIABLE . IGUAL COMILLA VARIABLE COMILLA PUNTO_Y_COMA
    (5) declaracion -> VARIABLE . IGUAL BOOLEAN_TRUE PUNTO_Y_COMA
    (6) declaracion -> VARIABLE . IGUAL BOOLEAN_FALSE PUNTO_Y_COMA
    (17) declaracion -> VARIABLE . PARENTESIS_INICIAL PARENTESIS_FINAL PUNTO_Y_COMA

    IGUAL           shift and go to state 9
    PARENTESIS_INICIAL shift and go to state 10


state 4

    (7) declaracion -> CONDICIONAL_IF . DIGITO MAYOR_QUE DIGITO DOS_PUNTOS PRINT PARENTESIS_INICIAL COMILLA VARIABLE COMILLA PARENTESIS_FINAL PUNTO_Y_COMA
    (8) declaracion -> CONDICIONAL_IF . DIGITO MENOR_QUE DIGITO DOS_PUNTOS PRINT PARENTESIS_INICIAL COMILLA VARIABLE COMILLA PARENTESIS_FINAL PUNTO_Y_COMA
    (9) declaracion -> CONDICIONAL_IF . DIGITO MENOR_IGUAL DIGITO DOS_PUNTOS PRINT PARENTESIS_INICIAL COMILLA VARIABLE COMILLA PARENTESIS_FINAL PUNTO_Y_COMA
    (10) declaracion -> CONDICIONAL_IF . DIGITO MAYOR_IGUAL DIGITO DOS_PUNTOS PRINT PARENTESIS_INICIAL COMILLA VARIABLE COMILLA PARENTESIS_FINAL PUNTO_Y_COMA
    (11) declaracion -> CONDICIONAL_IF . DIGITO MAYOR_QUE DIGITO DOS_PUNTOS CICLO_FOR VARIABLE IN RANGE PARENTESIS_INICIAL DIGITO PARENTESIS_FINAL DOS_PUNTOS PRINT PARENTESIS_INICIAL COMILLA VARIABLE COMILLA PARENTESIS_FINAL PUNTO_Y_COMA
    (12) declaracion -> CONDICIONAL_IF . DIGITO MENOR_QUE DIGITO DOS_PUNTOS CICLO_FOR VARIABLE IN RANGE PARENTESIS_INICIAL DIGITO PARENTESIS_FINAL DOS_PUNTOS PRINT PARENTESIS_INICIAL COMILLA VARIABLE COMILLA PARENTESIS_FINAL PUNTO_Y_COMA
    (13) declaracion -> CONDICIONAL_IF . DIGITO MENOR_IGUAL DIGITO DOS_PUNTOS CICLO_FOR VARIABLE IN RANGE PARENTESIS_INICIAL DIGITO PARENTESIS_FINAL DOS_PUNTOS PRINT PARENTESIS_INICIAL COMILLA VARIABLE COMILLA PARENTESIS_FINAL PUNTO_Y_COMA
    (14) declaracion -> CONDICIONAL_IF . DIGITO MAYOR_IGUAL DIGITO DOS_PUNTOS CICLO_FOR VARIABLE IN RANGE PARENTESIS_INICIAL DIGITO PARENTESIS_FINAL DOS_PUNTOS PRINT PARENTESIS_INICIAL COMILLA VARIABLE COMILLA PARENTESIS_FINAL PUNTO_Y_COMA

    DIGITO          shift and go to state 11


state 5

    (19) declaracion -> PRINT . PARENTESIS_INICIAL COMILLA VARIABLE COMILLA PARENTESIS_FINAL PUNTO_Y_COMA
    (20) declaracion -> PRINT . PARENTESIS_INICIAL VARIABLE PARENTESIS_FINAL PUNTO_Y_COMA

    PARENTESIS_INICIAL shift and go to state 12


state 6

    (18) declaracion -> CICLO_FOR . VARIABLE IN RANGE PARENTESIS_INICIAL DIGITO PARENTESIS_FINAL DOS_PUNTOS PRINT PARENTESIS_INICIAL COMILLA VARIABLE COMILLA PARENTESIS_FINAL PUNTO_Y_COMA

    VARIABLE        shift and go to state 13


state 7

    (15) declaracion -> FUNCION_DEF . VARIABLE PARENTESIS_INICIAL PARENTESIS_FINAL DOS_PUNTOS PRINT PARENTESIS_INICIAL COMILLA VARIABLE COMILLA PARENTESIS_FINAL PUNTO_Y_COMA
    (16) declaracion -> FUNCION_DEF . VARIABLE PARENTESIS_INICIAL PARENTESIS_FINAL DOS_PUNTOS CICLO_FOR VARIABLE IN RANGE PARENTESIS_INICIAL DIGITO PARENTESIS_FINAL DOS_PUNTOS PRINT PARENTESIS_INICIAL COMILLA VARIABLE COMILLA PARENTESIS_FINAL PUNTO_Y_COMA

    VARIABLE        shift and go to state 14


state 8

    (1) declaraciones -> declaracion declaraciones .

    $end            reduce using rule 1 (declaraciones -> declaracion declaraciones .)


state 9

    (3) declaracion -> VARIABLE IGUAL . DIGITO PUNTO_Y_COMA
    (4) declaracion -> VARIABLE IGUAL . COMILLA VARIABLE COMILLA PUNTO_Y_COMA
    (5) declaracion -> VARIABLE IGUAL . BOOLEAN_TRUE PUNTO_Y_COMA
    (6) declaracion -> VARIABLE IGUAL . BOOLEAN_FALSE PUNTO_Y_COMA

    DIGITO          shift and go to state 15
    COMILLA         shift and go to state 16
    BOOLEAN_TRUE    shift and go to state 17
    BOOLEAN_FALSE   shift and go to state 18


state 10

    (17) declaracion -> VARIABLE PARENTESIS_INICIAL . PARENTESIS_FINAL PUNTO_Y_COMA

    PARENTESIS_FINAL shift and go to state 19


state 11

    (7) declaracion -> CONDICIONAL_IF DIGITO . MAYOR_QUE DIGITO DOS_PUNTOS PRINT PARENTESIS_INICIAL COMILLA VARIABLE COMILLA PARENTESIS_FINAL PUNTO_Y_COMA
    (8) declaracion -> CONDICIONAL_IF DIGITO . MENOR_QUE DIGITO DOS_PUNTOS PRINT PARENTESIS_INICIAL COMILLA VARIABLE COMILLA PARENTESIS_FINAL PUNTO_Y_COMA
    (9) declaracion -> CONDICIONAL_IF DIGITO . MENOR_IGUAL DIGITO DOS_PUNTOS PRINT PARENTESIS_INICIAL COMILLA VARIABLE COMILLA PARENTESIS_FINAL PUNTO_Y_COMA
    (10) declaracion -> CONDICIONAL_IF DIGITO . MAYOR_IGUAL DIGITO DOS_PUNTOS PRINT PARENTESIS_INICIAL COMILLA VARIABLE COMILLA PARENTESIS_FINAL PUNTO_Y_COMA
    (11) declaracion -> CONDICIONAL_IF DIGITO . MAYOR_QUE DIGITO DOS_PUNTOS CICLO_FOR VARIABLE IN RANGE PARENTESIS_INICIAL DIGITO PARENTESIS_FINAL DOS_PUNTOS PRINT PARENTESIS_INICIAL COMILLA VARIABLE COMILLA PARENTESIS_FINAL PUNTO_Y_COMA
    (12) declaracion -> CONDICIONAL_IF DIGITO . MENOR_QUE DIGITO DOS_PUNTOS CICLO_FOR VARIABLE IN RANGE PARENTESIS_INICIAL DIGITO PARENTESIS_FINAL DOS_PUNTOS PRINT PARENTESIS_INICIAL COMILLA VARIABLE COMILLA PARENTESIS_FINAL PUNTO_Y_COMA
    (13) declaracion -> CONDICIONAL_IF DIGITO . MENOR_IGUAL DIGITO DOS_PUNTOS CICLO_FOR VARIABLE IN RANGE PARENTESIS_INICIAL DIGITO PARENTESIS_FINAL DOS_PUNTOS PRINT PARENTESIS_INICIAL COMILLA VARIABLE COMILLA PARENTESIS_FINAL PUNTO_Y_COMA
    (14) declaracion -> CONDICIONAL_IF DIGITO . MAYOR_IGUAL DIGITO DOS_PUNTOS CICLO_FOR VARIABLE IN RANGE PARENTESIS_INICIAL DIGITO PARENTESIS_FINAL DOS_PUNTOS PRINT PARENTESIS_INICIAL COMILLA VARIABLE COMILLA PARENTESIS_FINAL PUNTO_Y_COMA

    MAYOR_QUE       shift and go to state 20
    MENOR_QUE       shift and go to state 21
    MENOR_IGUAL     shift and go to state 22
    MAYOR_IGUAL     shift and go to state 23


state 12

    (19) declaracion -> PRINT PARENTESIS_INICIAL . COMILLA VARIABLE COMILLA PARENTESIS_FINAL PUNTO_Y_COMA
    (20) declaracion -> PRINT PARENTESIS_INICIAL . VARIABLE PARENTESIS_FINAL PUNTO_Y_COMA

    COMILLA         shift and go to state 24
    VARIABLE        shift and go to state 25


state 13

    (18) declaracion -> CICLO_FOR VARIABLE . IN RANGE PARENTESIS_INICIAL DIGITO PARENTESIS_FINAL DOS_PUNTOS PRINT PARENTESIS_INICIAL COMILLA VARIABLE COMILLA PARENTESIS_FINAL PUNTO_Y_COMA

    IN              shift and go to state 26


state 14

    (15) declaracion -> FUNCION_DEF VARIABLE . PARENTESIS_INICIAL PARENTESIS_FINAL DOS_PUNTOS PRINT PARENTESIS_INICIAL COMILLA VARIABLE COMILLA PARENTESIS_FINAL PUNTO_Y_COMA
    (16) declaracion -> FUNCION_DEF VARIABLE . PARENTESIS_INICIAL PARENTESIS_FINAL DOS_PUNTOS CICLO_FOR VARIABLE IN RANGE PARENTESIS_INICIAL DIGITO PARENTESIS_FINAL DOS_PUNTOS PRINT PARENTESIS_INICIAL COMILLA VARIABLE COMILLA PARENTESIS_FINAL PUNTO_Y_COMA

    PARENTESIS_INICIAL shift and go to state 27


state 15

    (3) declaracion -> VARIABLE IGUAL DIGITO . PUNTO_Y_COMA

    PUNTO_Y_COMA    shift and go to state 28


state 16

    (4) declaracion -> VARIABLE IGUAL COMILLA . VARIABLE COMILLA PUNTO_Y_COMA

    VARIABLE        shift and go to state 29


state 17

    (5) declaracion -> VARIABLE IGUAL BOOLEAN_TRUE . PUNTO_Y_COMA

    PUNTO_Y_COMA    shift and go to state 30


state 18

    (6) declaracion -> VARIABLE IGUAL BOOLEAN_FALSE . PUNTO_Y_COMA

    PUNTO_Y_COMA    shift and go to state 31


state 19

    (17) declaracion -> VARIABLE PARENTESIS_INICIAL PARENTESIS_FINAL . PUNTO_Y_COMA

    PUNTO_Y_COMA    shift and go to state 32


state 20

    (7) declaracion -> CONDICIONAL_IF DIGITO MAYOR_QUE . DIGITO DOS_PUNTOS PRINT PARENTESIS_INICIAL COMILLA VARIABLE COMILLA PARENTESIS_FINAL PUNTO_Y_COMA
    (11) declaracion -> CONDICIONAL_IF DIGITO MAYOR_QUE . DIGITO DOS_PUNTOS CICLO_FOR VARIABLE IN RANGE PARENTESIS_INICIAL DIGITO PARENTESIS_FINAL DOS_PUNTOS PRINT PARENTESIS_INICIAL COMILLA VARIABLE COMILLA PARENTESIS_FINAL PUNTO_Y_COMA

    DIGITO          shift and go to state 33


state 21

    (8) declaracion -> CONDICIONAL_IF DIGITO MENOR_QUE . DIGITO DOS_PUNTOS PRINT PARENTESIS_INICIAL COMILLA VARIABLE COMILLA PARENTESIS_FINAL PUNTO_Y_COMA
    (12) declaracion -> CONDICIONAL_IF DIGITO MENOR_QUE . DIGITO DOS_PUNTOS CICLO_FOR VARIABLE IN RANGE PARENTESIS_INICIAL DIGITO PARENTESIS_FINAL DOS_PUNTOS PRINT PARENTESIS_INICIAL COMILLA VARIABLE COMILLA PARENTESIS_FINAL PUNTO_Y_COMA

    DIGITO          shift and go to state 34


state 22

    (9) declaracion -> CONDICIONAL_IF DIGITO MENOR_IGUAL . DIGITO DOS_PUNTOS PRINT PARENTESIS_INICIAL COMILLA VARIABLE COMILLA PARENTESIS_FINAL PUNTO_Y_COMA
    (13) declaracion -> CONDICIONAL_IF DIGITO MENOR_IGUAL . DIGITO DOS_PUNTOS CICLO_FOR VARIABLE IN RANGE PARENTESIS_INICIAL DIGITO PARENTESIS_FINAL DOS_PUNTOS PRINT PARENTESIS_INICIAL COMILLA VARIABLE COMILLA PARENTESIS_FINAL PUNTO_Y_COMA

    DIGITO          shift and go to state 35


state 23

    (10) declaracion -> CONDICIONAL_IF DIGITO MAYOR_IGUAL . DIGITO DOS_PUNTOS PRINT PARENTESIS_INICIAL COMILLA VARIABLE COMILLA PARENTESIS_FINAL PUNTO_Y_COMA
    (14) declaracion -> CONDICIONAL_IF DIGITO MAYOR_IGUAL . DIGITO DOS_PUNTOS CICLO_FOR VARIABLE IN RANGE PARENTESIS_INICIAL DIGITO PARENTESIS_FINAL DOS_PUNTOS PRINT PARENTESIS_INICIAL COMILLA VARIABLE COMILLA PARENTESIS_FINAL PUNTO_Y_COMA

    DIGITO          shift and go to state 36


state 24

    (19) declaracion -> PRINT PARENTESIS_INICIAL COMILLA . VARIABLE COMILLA PARENTESIS_FINAL PUNTO_Y_COMA

    VARIABLE        shift and go to state 37


state 25

    (20) declaracion -> PRINT PARENTESIS_INICIAL VARIABLE . PARENTESIS_FINAL PUNTO_Y_COMA

    PARENTESIS_FINAL shift and go to state 38


state 26

    (18) declaracion -> CICLO_FOR VARIABLE IN . RANGE PARENTESIS_INICIAL DIGITO PARENTESIS_FINAL DOS_PUNTOS PRINT PARENTESIS_INICIAL COMILLA VARIABLE COMILLA PARENTESIS_FINAL PUNTO_Y_COMA

    RANGE           shift and go to state 39


state 27

    (15) declaracion -> FUNCION_DEF VARIABLE PARENTESIS_INICIAL . PARENTESIS_FINAL DOS_PUNTOS PRINT PARENTESIS_INICIAL COMILLA VARIABLE COMILLA PARENTESIS_FINAL PUNTO_Y_COMA
    (16) declaracion -> FUNCION_DEF VARIABLE PARENTESIS_INICIAL . PARENTESIS_FINAL DOS_PUNTOS CICLO_FOR VARIABLE IN RANGE PARENTESIS_INICIAL DIGITO PARENTESIS_FINAL DOS_PUNTOS PRINT PARENTESIS_INICIAL COMILLA VARIABLE COMILLA PARENTESIS_FINAL PUNTO_Y_COMA

    PARENTESIS_FINAL shift and go to state 40


state 28

    (3) declaracion -> VARIABLE IGUAL DIGITO PUNTO_Y_COMA .

    VARIABLE        reduce using rule 3 (declaracion -> VARIABLE IGUAL DIGITO PUNTO_Y_COMA .)
    CONDICIONAL_IF  reduce using rule 3 (declaracion -> VARIABLE IGUAL DIGITO PUNTO_Y_COMA .)
    FUNCION_DEF     reduce using rule 3 (declaracion -> VARIABLE IGUAL DIGITO PUNTO_Y_COMA .)
    CICLO_FOR       reduce using rule 3 (declaracion -> VARIABLE IGUAL DIGITO PUNTO_Y_COMA .)
    PRINT           reduce using rule 3 (declaracion -> VARIABLE IGUAL DIGITO PUNTO_Y_COMA .)
    $end            reduce using rule 3 (declaracion -> VARIABLE IGUAL DIGITO PUNTO_Y_COMA .)


state 29

    (4) declaracion -> VARIABLE IGUAL COMILLA VARIABLE . COMILLA PUNTO_Y_COMA

    COMILLA         shift and go to state 41


state 30

    (5) declaracion -> VARIABLE IGUAL BOOLEAN_TRUE PUNTO_Y_COMA .

    VARIABLE        reduce using rule 5 (declaracion -> VARIABLE IGUAL BOOLEAN_TRUE PUNTO_Y_COMA .)
    CONDICIONAL_IF  reduce using rule 5 (declaracion -> VARIABLE IGUAL BOOLEAN_TRUE PUNTO_Y_COMA .)
    FUNCION_DEF     reduce using rule 5 (declaracion -> VARIABLE IGUAL BOOLEAN_TRUE PUNTO_Y_COMA .)
    CICLO_FOR       reduce using rule 5 (declaracion -> VARIABLE IGUAL BOOLEAN_TRUE PUNTO_Y_COMA .)
    PRINT           reduce using rule 5 (declaracion -> VARIABLE IGUAL BOOLEAN_TRUE PUNTO_Y_COMA .)
    $end            reduce using rule 5 (declaracion -> VARIABLE IGUAL BOOLEAN_TRUE PUNTO_Y_COMA .)


state 31

    (6) declaracion -> VARIABLE IGUAL BOOLEAN_FALSE PUNTO_Y_COMA .

    VARIABLE        reduce using rule 6 (declaracion -> VARIABLE IGUAL BOOLEAN_FALSE PUNTO_Y_COMA .)
    CONDICIONAL_IF  reduce using rule 6 (declaracion -> VARIABLE IGUAL BOOLEAN_FALSE PUNTO_Y_COMA .)
    FUNCION_DEF     reduce using rule 6 (declaracion -> VARIABLE IGUAL BOOLEAN_FALSE PUNTO_Y_COMA .)
    CICLO_FOR       reduce using rule 6 (declaracion -> VARIABLE IGUAL BOOLEAN_FALSE PUNTO_Y_COMA .)
    PRINT           reduce using rule 6 (declaracion -> VARIABLE IGUAL BOOLEAN_FALSE PUNTO_Y_COMA .)
    $end            reduce using rule 6 (declaracion -> VARIABLE IGUAL BOOLEAN_FALSE PUNTO_Y_COMA .)


state 32

    (17) declaracion -> VARIABLE PARENTESIS_INICIAL PARENTESIS_FINAL PUNTO_Y_COMA .

    VARIABLE        reduce using rule 17 (declaracion -> VARIABLE PARENTESIS_INICIAL PARENTESIS_FINAL PUNTO_Y_COMA .)
    CONDICIONAL_IF  reduce using rule 17 (declaracion -> VARIABLE PARENTESIS_INICIAL PARENTESIS_FINAL PUNTO_Y_COMA .)
    FUNCION_DEF     reduce using rule 17 (declaracion -> VARIABLE PARENTESIS_INICIAL PARENTESIS_FINAL PUNTO_Y_COMA .)
    CICLO_FOR       reduce using rule 17 (declaracion -> VARIABLE PARENTESIS_INICIAL PARENTESIS_FINAL PUNTO_Y_COMA .)
    PRINT           reduce using rule 17 (declaracion -> VARIABLE PARENTESIS_INICIAL PARENTESIS_FINAL PUNTO_Y_COMA .)
    $end            reduce using rule 17 (declaracion -> VARIABLE PARENTESIS_INICIAL PARENTESIS_FINAL PUNTO_Y_COMA .)


state 33

    (7) declaracion -> CONDICIONAL_IF DIGITO MAYOR_QUE DIGITO . DOS_PUNTOS PRINT PARENTESIS_INICIAL COMILLA VARIABLE COMILLA PARENTESIS_FINAL PUNTO_Y_COMA
    (11) declaracion -> CONDICIONAL_IF DIGITO MAYOR_QUE DIGITO . DOS_PUNTOS CICLO_FOR VARIABLE IN RANGE PARENTESIS_INICIAL DIGITO PARENTESIS_FINAL DOS_PUNTOS PRINT PARENTESIS_INICIAL COMILLA VARIABLE COMILLA PARENTESIS_FINAL PUNTO_Y_COMA

    DOS_PUNTOS      shift and go to state 42


state 34

    (8) declaracion -> CONDICIONAL_IF DIGITO MENOR_QUE DIGITO . DOS_PUNTOS PRINT PARENTESIS_INICIAL COMILLA VARIABLE COMILLA PARENTESIS_FINAL PUNTO_Y_COMA
    (12) declaracion -> CONDICIONAL_IF DIGITO MENOR_QUE DIGITO . DOS_PUNTOS CICLO_FOR VARIABLE IN RANGE PARENTESIS_INICIAL DIGITO PARENTESIS_FINAL DOS_PUNTOS PRINT PARENTESIS_INICIAL COMILLA VARIABLE COMILLA PARENTESIS_FINAL PUNTO_Y_COMA

    DOS_PUNTOS      shift and go to state 43


state 35

    (9) declaracion -> CONDICIONAL_IF DIGITO MENOR_IGUAL DIGITO . DOS_PUNTOS PRINT PARENTESIS_INICIAL COMILLA VARIABLE COMILLA PARENTESIS_FINAL PUNTO_Y_COMA
    (13) declaracion -> CONDICIONAL_IF DIGITO MENOR_IGUAL DIGITO . DOS_PUNTOS CICLO_FOR VARIABLE IN RANGE PARENTESIS_INICIAL DIGITO PARENTESIS_FINAL DOS_PUNTOS PRINT PARENTESIS_INICIAL COMILLA VARIABLE COMILLA PARENTESIS_FINAL PUNTO_Y_COMA

    DOS_PUNTOS      shift and go to state 44


state 36

    (10) declaracion -> CONDICIONAL_IF DIGITO MAYOR_IGUAL DIGITO . DOS_PUNTOS PRINT PARENTESIS_INICIAL COMILLA VARIABLE COMILLA PARENTESIS_FINAL PUNTO_Y_COMA
    (14) declaracion -> CONDICIONAL_IF DIGITO MAYOR_IGUAL DIGITO . DOS_PUNTOS CICLO_FOR VARIABLE IN RANGE PARENTESIS_INICIAL DIGITO PARENTESIS_FINAL DOS_PUNTOS PRINT PARENTESIS_INICIAL COMILLA VARIABLE COMILLA PARENTESIS_FINAL PUNTO_Y_COMA

    DOS_PUNTOS      shift and go to state 45


state 37

    (19) declaracion -> PRINT PARENTESIS_INICIAL COMILLA VARIABLE . COMILLA PARENTESIS_FINAL PUNTO_Y_COMA

    COMILLA         shift and go to state 46


state 38

    (20) declaracion -> PRINT PARENTESIS_INICIAL VARIABLE PARENTESIS_FINAL . PUNTO_Y_COMA

    PUNTO_Y_COMA    shift and go to state 47


state 39

    (18) declaracion -> CICLO_FOR VARIABLE IN RANGE . PARENTESIS_INICIAL DIGITO PARENTESIS_FINAL DOS_PUNTOS PRINT PARENTESIS_INICIAL COMILLA VARIABLE COMILLA PARENTESIS_FINAL PUNTO_Y_COMA

    PARENTESIS_INICIAL shift and go to state 48


state 40

    (15) declaracion -> FUNCION_DEF VARIABLE PARENTESIS_INICIAL PARENTESIS_FINAL . DOS_PUNTOS PRINT PARENTESIS_INICIAL COMILLA VARIABLE COMILLA PARENTESIS_FINAL PUNTO_Y_COMA
    (16) declaracion -> FUNCION_DEF VARIABLE PARENTESIS_INICIAL PARENTESIS_FINAL . DOS_PUNTOS CICLO_FOR VARIABLE IN RANGE PARENTESIS_INICIAL DIGITO PARENTESIS_FINAL DOS_PUNTOS PRINT PARENTESIS_INICIAL COMILLA VARIABLE COMILLA PARENTESIS_FINAL PUNTO_Y_COMA

    DOS_PUNTOS      shift and go to state 49


state 41

    (4) declaracion -> VARIABLE IGUAL COMILLA VARIABLE COMILLA . PUNTO_Y_COMA

    PUNTO_Y_COMA    shift and go to state 50


state 42

    (7) declaracion -> CONDICIONAL_IF DIGITO MAYOR_QUE DIGITO DOS_PUNTOS . PRINT PARENTESIS_INICIAL COMILLA VARIABLE COMILLA PARENTESIS_FINAL PUNTO_Y_COMA
    (11) declaracion -> CONDICIONAL_IF DIGITO MAYOR_QUE DIGITO DOS_PUNTOS . CICLO_FOR VARIABLE IN RANGE PARENTESIS_INICIAL DIGITO PARENTESIS_FINAL DOS_PUNTOS PRINT PARENTESIS_INICIAL COMILLA VARIABLE COMILLA PARENTESIS_FINAL PUNTO_Y_COMA

    PRINT           shift and go to state 51
    CICLO_FOR       shift and go to state 52


state 43

    (8) declaracion -> CONDICIONAL_IF DIGITO MENOR_QUE DIGITO DOS_PUNTOS . PRINT PARENTESIS_INICIAL COMILLA VARIABLE COMILLA PARENTESIS_FINAL PUNTO_Y_COMA
    (12) declaracion -> CONDICIONAL_IF DIGITO MENOR_QUE DIGITO DOS_PUNTOS . CICLO_FOR VARIABLE IN RANGE PARENTESIS_INICIAL DIGITO PARENTESIS_FINAL DOS_PUNTOS PRINT PARENTESIS_INICIAL COMILLA VARIABLE COMILLA PARENTESIS_FINAL PUNTO_Y_COMA

    PRINT           shift and go to state 53
    CICLO_FOR       shift and go to state 54


state 44

    (9) declaracion -> CONDICIONAL_IF DIGITO MENOR_IGUAL DIGITO DOS_PUNTOS . PRINT PARENTESIS_INICIAL COMILLA VARIABLE COMILLA PARENTESIS_FINAL PUNTO_Y_COMA
    (13) declaracion -> CONDICIONAL_IF DIGITO MENOR_IGUAL DIGITO DOS_PUNTOS . CICLO_FOR VARIABLE IN RANGE PARENTESIS_INICIAL DIGITO PARENTESIS_FINAL DOS_PUNTOS PRINT PARENTESIS_INICIAL COMILLA VARIABLE COMILLA PARENTESIS_FINAL PUNTO_Y_COMA

    PRINT           shift and go to state 55
    CICLO_FOR       shift and go to state 56


state 45

    (10) declaracion -> CONDICIONAL_IF DIGITO MAYOR_IGUAL DIGITO DOS_PUNTOS . PRINT PARENTESIS_INICIAL COMILLA VARIABLE COMILLA PARENTESIS_FINAL PUNTO_Y_COMA
    (14) declaracion -> CONDICIONAL_IF DIGITO MAYOR_IGUAL DIGITO DOS_PUNTOS . CICLO_FOR VARIABLE IN RANGE PARENTESIS_INICIAL DIGITO PARENTESIS_FINAL DOS_PUNTOS PRINT PARENTESIS_INICIAL COMILLA VARIABLE COMILLA PARENTESIS_FINAL PUNTO_Y_COMA

    PRINT           shift and go to state 57
    CICLO_FOR       shift and go to state 58


state 46

    (19) declaracion -> PRINT PARENTESIS_INICIAL COMILLA VARIABLE COMILLA . PARENTESIS_FINAL PUNTO_Y_COMA

    PARENTESIS_FINAL shift and go to state 59


state 47

    (20) declaracion -> PRINT PARENTESIS_INICIAL VARIABLE PARENTESIS_FINAL PUNTO_Y_COMA .

    VARIABLE        reduce using rule 20 (declaracion -> PRINT PARENTESIS_INICIAL VARIABLE PARENTESIS_FINAL PUNTO_Y_COMA .)
    CONDICIONAL_IF  reduce using rule 20 (declaracion -> PRINT PARENTESIS_INICIAL VARIABLE PARENTESIS_FINAL PUNTO_Y_COMA .)
    FUNCION_DEF     reduce using rule 20 (declaracion -> PRINT PARENTESIS_INICIAL VARIABLE PARENTESIS_FINAL PUNTO_Y_COMA .)
    CICLO_FOR       reduce using rule 20 (declaracion -> PRINT PARENTESIS_INICIAL VARIABLE PARENTESIS_FINAL PUNTO_Y_COMA .)
    PRINT           reduce using rule 20 (declaracion -> PRINT PARENTESIS_INICIAL VARIABLE PARENTESIS_FINAL PUNTO_Y_COMA .)
    $end            reduce using rule 20 (declaracion -> PRINT PARENTESIS_INICIAL VARIABLE PARENTESIS_FINAL PUNTO_Y_COMA .)


state 48

    (18) declaracion -> CICLO_FOR VARIABLE IN RANGE PARENTESIS_INICIAL . DIGITO PARENTESIS_FINAL DOS_PUNTOS PRINT PARENTESIS_INICIAL COMILLA VARIABLE COMILLA PARENTESIS_FINAL PUNTO_Y_COMA

    DIGITO          shift and go to state 60


state 49

    (15) declaracion -> FUNCION_DEF VARIABLE PARENTESIS_INICIAL PARENTESIS_FINAL DOS_PUNTOS . PRINT PARENTESIS_INICIAL COMILLA VARIABLE COMILLA PARENTESIS_FINAL PUNTO_Y_COMA
    (16) declaracion -> FUNCION_DEF VARIABLE PARENTESIS_INICIAL PARENTESIS_FINAL DOS_PUNTOS . CICLO_FOR VARIABLE IN RANGE PARENTESIS_INICIAL DIGITO PARENTESIS_FINAL DOS_PUNTOS PRINT PARENTESIS_INICIAL COMILLA VARIABLE COMILLA PARENTESIS_FINAL PUNTO_Y_COMA

    PRINT           shift and go to state 61
    CICLO_FOR       shift and go to state 62


state 50

    (4) declaracion -> VARIABLE IGUAL COMILLA VARIABLE COMILLA PUNTO_Y_COMA .

    VARIABLE        reduce using rule 4 (declaracion -> VARIABLE IGUAL COMILLA VARIABLE COMILLA PUNTO_Y_COMA .)
    CONDICIONAL_IF  reduce using rule 4 (declaracion -> VARIABLE IGUAL COMILLA VARIABLE COMILLA PUNTO_Y_COMA .)
    FUNCION_DEF     reduce using rule 4 (declaracion -> VARIABLE IGUAL COMILLA VARIABLE COMILLA PUNTO_Y_COMA .)
    CICLO_FOR       reduce using rule 4 (declaracion -> VARIABLE IGUAL COMILLA VARIABLE COMILLA PUNTO_Y_COMA .)
    PRINT           reduce using rule 4 (declaracion -> VARIABLE IGUAL COMILLA VARIABLE COMILLA PUNTO_Y_COMA .)
    $end            reduce using rule 4 (declaracion -> VARIABLE IGUAL COMILLA VARIABLE COMILLA PUNTO_Y_COMA .)


state 51

    (7) declaracion -> CONDICIONAL_IF DIGITO MAYOR_QUE DIGITO DOS_PUNTOS PRINT . PARENTESIS_INICIAL COMILLA VARIABLE COMILLA PARENTESIS_FINAL PUNTO_Y_COMA

    PARENTESIS_INICIAL shift and go to state 63


state 52

    (11) declaracion -> CONDICIONAL_IF DIGITO MAYOR_QUE DIGITO DOS_PUNTOS CICLO_FOR . VARIABLE IN RANGE PARENTESIS_INICIAL DIGITO PARENTESIS_FINAL DOS_PUNTOS PRINT PARENTESIS_INICIAL COMILLA VARIABLE COMILLA PARENTESIS_FINAL PUNTO_Y_COMA

    VARIABLE        shift and go to state 64


state 53

    (8) declaracion -> CONDICIONAL_IF DIGITO MENOR_QUE DIGITO DOS_PUNTOS PRINT . PARENTESIS_INICIAL COMILLA VARIABLE COMILLA PARENTESIS_FINAL PUNTO_Y_COMA

    PARENTESIS_INICIAL shift and go to state 65


state 54

    (12) declaracion -> CONDICIONAL_IF DIGITO MENOR_QUE DIGITO DOS_PUNTOS CICLO_FOR . VARIABLE IN RANGE PARENTESIS_INICIAL DIGITO PARENTESIS_FINAL DOS_PUNTOS PRINT PARENTESIS_INICIAL COMILLA VARIABLE COMILLA PARENTESIS_FINAL PUNTO_Y_COMA

    VARIABLE        shift and go to state 66


state 55

    (9) declaracion -> CONDICIONAL_IF DIGITO MENOR_IGUAL DIGITO DOS_PUNTOS PRINT . PARENTESIS_INICIAL COMILLA VARIABLE COMILLA PARENTESIS_FINAL PUNTO_Y_COMA

    PARENTESIS_INICIAL shift and go to state 67


state 56

    (13) declaracion -> CONDICIONAL_IF DIGITO MENOR_IGUAL DIGITO DOS_PUNTOS CICLO_FOR . VARIABLE IN RANGE PARENTESIS_INICIAL DIGITO PARENTESIS_FINAL DOS_PUNTOS PRINT PARENTESIS_INICIAL COMILLA VARIABLE COMILLA PARENTESIS_FINAL PUNTO_Y_COMA

    VARIABLE        shift and go to state 68


state 57

    (10) declaracion -> CONDICIONAL_IF DIGITO MAYOR_IGUAL DIGITO DOS_PUNTOS PRINT . PARENTESIS_INICIAL COMILLA VARIABLE COMILLA PARENTESIS_FINAL PUNTO_Y_COMA

    PARENTESIS_INICIAL shift and go to state 69


state 58

    (14) declaracion -> CONDICIONAL_IF DIGITO MAYOR_IGUAL DIGITO DOS_PUNTOS CICLO_FOR . VARIABLE IN RANGE PARENTESIS_INICIAL DIGITO PARENTESIS_FINAL DOS_PUNTOS PRINT PARENTESIS_INICIAL COMILLA VARIABLE COMILLA PARENTESIS_FINAL PUNTO_Y_COMA

    VARIABLE        shift and go to state 70


state 59

    (19) declaracion -> PRINT PARENTESIS_INICIAL COMILLA VARIABLE COMILLA PARENTESIS_FINAL . PUNTO_Y_COMA

    PUNTO_Y_COMA    shift and go to state 71


state 60

    (18) declaracion -> CICLO_FOR VARIABLE IN RANGE PARENTESIS_INICIAL DIGITO . PARENTESIS_FINAL DOS_PUNTOS PRINT PARENTESIS_INICIAL COMILLA VARIABLE COMILLA PARENTESIS_FINAL PUNTO_Y_COMA

    PARENTESIS_FINAL shift and go to state 72


state 61

    (15) declaracion -> FUNCION_DEF VARIABLE PARENTESIS_INICIAL PARENTESIS_FINAL DOS_PUNTOS PRINT . PARENTESIS_INICIAL COMILLA VARIABLE COMILLA PARENTESIS_FINAL PUNTO_Y_COMA

    PARENTESIS_INICIAL shift and go to state 73


state 62

    (16) declaracion -> FUNCION_DEF VARIABLE PARENTESIS_INICIAL PARENTESIS_FINAL DOS_PUNTOS CICLO_FOR . VARIABLE IN RANGE PARENTESIS_INICIAL DIGITO PARENTESIS_FINAL DOS_PUNTOS PRINT PARENTESIS_INICIAL COMILLA VARIABLE COMILLA PARENTESIS_FINAL PUNTO_Y_COMA

    VARIABLE        shift and go to state 74


state 63

    (7) declaracion -> CONDICIONAL_IF DIGITO MAYOR_QUE DIGITO DOS_PUNTOS PRINT PARENTESIS_INICIAL . COMILLA VARIABLE COMILLA PARENTESIS_FINAL PUNTO_Y_COMA

    COMILLA         shift and go to state 75


state 64

    (11) declaracion -> CONDICIONAL_IF DIGITO MAYOR_QUE DIGITO DOS_PUNTOS CICLO_FOR VARIABLE . IN RANGE PARENTESIS_INICIAL DIGITO PARENTESIS_FINAL DOS_PUNTOS PRINT PARENTESIS_INICIAL COMILLA VARIABLE COMILLA PARENTESIS_FINAL PUNTO_Y_COMA

    IN              shift and go to state 76


state 65

    (8) declaracion -> CONDICIONAL_IF DIGITO MENOR_QUE DIGITO DOS_PUNTOS PRINT PARENTESIS_INICIAL . COMILLA VARIABLE COMILLA PARENTESIS_FINAL PUNTO_Y_COMA

    COMILLA         shift and go to state 77


state 66

    (12) declaracion -> CONDICIONAL_IF DIGITO MENOR_QUE DIGITO DOS_PUNTOS CICLO_FOR VARIABLE . IN RANGE PARENTESIS_INICIAL DIGITO PARENTESIS_FINAL DOS_PUNTOS PRINT PARENTESIS_INICIAL COMILLA VARIABLE COMILLA PARENTESIS_FINAL PUNTO_Y_COMA

    IN              shift and go to state 78


state 67

    (9) declaracion -> CONDICIONAL_IF DIGITO MENOR_IGUAL DIGITO DOS_PUNTOS PRINT PARENTESIS_INICIAL . COMILLA VARIABLE COMILLA PARENTESIS_FINAL PUNTO_Y_COMA

    COMILLA         shift and go to state 79


state 68

    (13) declaracion -> CONDICIONAL_IF DIGITO MENOR_IGUAL DIGITO DOS_PUNTOS CICLO_FOR VARIABLE . IN RANGE PARENTESIS_INICIAL DIGITO PARENTESIS_FINAL DOS_PUNTOS PRINT PARENTESIS_INICIAL COMILLA VARIABLE COMILLA PARENTESIS_FINAL PUNTO_Y_COMA

    IN              shift and go to state 80


state 69

    (10) declaracion -> CONDICIONAL_IF DIGITO MAYOR_IGUAL DIGITO DOS_PUNTOS PRINT PARENTESIS_INICIAL . COMILLA VARIABLE COMILLA PARENTESIS_FINAL PUNTO_Y_COMA

    COMILLA         shift and go to state 81


state 70

    (14) declaracion -> CONDICIONAL_IF DIGITO MAYOR_IGUAL DIGITO DOS_PUNTOS CICLO_FOR VARIABLE . IN RANGE PARENTESIS_INICIAL DIGITO PARENTESIS_FINAL DOS_PUNTOS PRINT PARENTESIS_INICIAL COMILLA VARIABLE COMILLA PARENTESIS_FINAL PUNTO_Y_COMA

    IN              shift and go to state 82


state 71

    (19) declaracion -> PRINT PARENTESIS_INICIAL COMILLA VARIABLE COMILLA PARENTESIS_FINAL PUNTO_Y_COMA .

    VARIABLE        reduce using rule 19 (declaracion -> PRINT PARENTESIS_INICIAL COMILLA VARIABLE COMILLA PARENTESIS_FINAL PUNTO_Y_COMA .)
    CONDICIONAL_IF  reduce using rule 19 (declaracion -> PRINT PARENTESIS_INICIAL COMILLA VARIABLE COMILLA PARENTESIS_FINAL PUNTO_Y_COMA .)
    FUNCION_DEF     reduce using rule 19 (declaracion -> PRINT PARENTESIS_INICIAL COMILLA VARIABLE COMILLA PARENTESIS_FINAL PUNTO_Y_COMA .)
    CICLO_FOR       reduce using rule 19 (declaracion -> PRINT PARENTESIS_INICIAL COMILLA VARIABLE COMILLA PARENTESIS_FINAL PUNTO_Y_COMA .)
    PRINT           reduce using rule 19 (declaracion -> PRINT PARENTESIS_INICIAL COMILLA VARIABLE COMILLA PARENTESIS_FINAL PUNTO_Y_COMA .)
    $end            reduce using rule 19 (declaracion -> PRINT PARENTESIS_INICIAL COMILLA VARIABLE COMILLA PARENTESIS_FINAL PUNTO_Y_COMA .)


state 72

    (18) declaracion -> CICLO_FOR VARIABLE IN RANGE PARENTESIS_INICIAL DIGITO PARENTESIS_FINAL . DOS_PUNTOS PRINT PARENTESIS_INICIAL COMILLA VARIABLE COMILLA PARENTESIS_FINAL PUNTO_Y_COMA

    DOS_PUNTOS      shift and go to state 83


state 73

    (15) declaracion -> FUNCION_DEF VARIABLE PARENTESIS_INICIAL PARENTESIS_FINAL DOS_PUNTOS PRINT PARENTESIS_INICIAL . COMILLA VARIABLE COMILLA PARENTESIS_FINAL PUNTO_Y_COMA

    COMILLA         shift and go to state 84


state 74

    (16) declaracion -> FUNCION_DEF VARIABLE PARENTESIS_INICIAL PARENTESIS_FINAL DOS_PUNTOS CICLO_FOR VARIABLE . IN RANGE PARENTESIS_INICIAL DIGITO PARENTESIS_FINAL DOS_PUNTOS PRINT PARENTESIS_INICIAL COMILLA VARIABLE COMILLA PARENTESIS_FINAL PUNTO_Y_COMA

    IN              shift and go to state 85


state 75

    (7) declaracion -> CONDICIONAL_IF DIGITO MAYOR_QUE DIGITO DOS_PUNTOS PRINT PARENTESIS_INICIAL COMILLA . VARIABLE COMILLA PARENTESIS_FINAL PUNTO_Y_COMA

    VARIABLE        shift and go to state 86


state 76

    (11) declaracion -> CONDICIONAL_IF DIGITO MAYOR_QUE DIGITO DOS_PUNTOS CICLO_FOR VARIABLE IN . RANGE PARENTESIS_INICIAL DIGITO PARENTESIS_FINAL DOS_PUNTOS PRINT PARENTESIS_INICIAL COMILLA VARIABLE COMILLA PARENTESIS_FINAL PUNTO_Y_COMA

    RANGE           shift and go to state 87


state 77

    (8) declaracion -> CONDICIONAL_IF DIGITO MENOR_QUE DIGITO DOS_PUNTOS PRINT PARENTESIS_INICIAL COMILLA . VARIABLE COMILLA PARENTESIS_FINAL PUNTO_Y_COMA

    VARIABLE        shift and go to state 88


state 78

    (12) declaracion -> CONDICIONAL_IF DIGITO MENOR_QUE DIGITO DOS_PUNTOS CICLO_FOR VARIABLE IN . RANGE PARENTESIS_INICIAL DIGITO PARENTESIS_FINAL DOS_PUNTOS PRINT PARENTESIS_INICIAL COMILLA VARIABLE COMILLA PARENTESIS_FINAL PUNTO_Y_COMA

    RANGE           shift and go to state 89


state 79

    (9) declaracion -> CONDICIONAL_IF DIGITO MENOR_IGUAL DIGITO DOS_PUNTOS PRINT PARENTESIS_INICIAL COMILLA . VARIABLE COMILLA PARENTESIS_FINAL PUNTO_Y_COMA

    VARIABLE        shift and go to state 90


state 80

    (13) declaracion -> CONDICIONAL_IF DIGITO MENOR_IGUAL DIGITO DOS_PUNTOS CICLO_FOR VARIABLE IN . RANGE PARENTESIS_INICIAL DIGITO PARENTESIS_FINAL DOS_PUNTOS PRINT PARENTESIS_INICIAL COMILLA VARIABLE COMILLA PARENTESIS_FINAL PUNTO_Y_COMA

    RANGE           shift and go to state 91


state 81

    (10) declaracion -> CONDICIONAL_IF DIGITO MAYOR_IGUAL DIGITO DOS_PUNTOS PRINT PARENTESIS_INICIAL COMILLA . VARIABLE COMILLA PARENTESIS_FINAL PUNTO_Y_COMA

    VARIABLE        shift and go to state 92


state 82

    (14) declaracion -> CONDICIONAL_IF DIGITO MAYOR_IGUAL DIGITO DOS_PUNTOS CICLO_FOR VARIABLE IN . RANGE PARENTESIS_INICIAL DIGITO PARENTESIS_FINAL DOS_PUNTOS PRINT PARENTESIS_INICIAL COMILLA VARIABLE COMILLA PARENTESIS_FINAL PUNTO_Y_COMA

    RANGE           shift and go to state 93


state 83

    (18) declaracion -> CICLO_FOR VARIABLE IN RANGE PARENTESIS_INICIAL DIGITO PARENTESIS_FINAL DOS_PUNTOS . PRINT PARENTESIS_INICIAL COMILLA VARIABLE COMILLA PARENTESIS_FINAL PUNTO_Y_COMA

    PRINT           shift and go to state 94


state 84

    (15) declaracion -> FUNCION_DEF VARIABLE PARENTESIS_INICIAL PARENTESIS_FINAL DOS_PUNTOS PRINT PARENTESIS_INICIAL COMILLA . VARIABLE COMILLA PARENTESIS_FINAL PUNTO_Y_COMA

    VARIABLE        shift and go to state 95


state 85

    (16) declaracion -> FUNCION_DEF VARIABLE PARENTESIS_INICIAL PARENTESIS_FINAL DOS_PUNTOS CICLO_FOR VARIABLE IN . RANGE PARENTESIS_INICIAL DIGITO PARENTESIS_FINAL DOS_PUNTOS PRINT PARENTESIS_INICIAL COMILLA VARIABLE COMILLA PARENTESIS_FINAL PUNTO_Y_COMA

    RANGE           shift and go to state 96


state 86

    (7) declaracion -> CONDICIONAL_IF DIGITO MAYOR_QUE DIGITO DOS_PUNTOS PRINT PARENTESIS_INICIAL COMILLA VARIABLE . COMILLA PARENTESIS_FINAL PUNTO_Y_COMA

    COMILLA         shift and go to state 97


state 87

    (11) declaracion -> CONDICIONAL_IF DIGITO MAYOR_QUE DIGITO DOS_PUNTOS CICLO_FOR VARIABLE IN RANGE . PARENTESIS_INICIAL DIGITO PARENTESIS_FINAL DOS_PUNTOS PRINT PARENTESIS_INICIAL COMILLA VARIABLE COMILLA PARENTESIS_FINAL PUNTO_Y_COMA

    PARENTESIS_INICIAL shift and go to state 98


state 88

    (8) declaracion -> CONDICIONAL_IF DIGITO MENOR_QUE DIGITO DOS_PUNTOS PRINT PARENTESIS_INICIAL COMILLA VARIABLE . COMILLA PARENTESIS_FINAL PUNTO_Y_COMA

    COMILLA         shift and go to state 99


state 89

    (12) declaracion -> CONDICIONAL_IF DIGITO MENOR_QUE DIGITO DOS_PUNTOS CICLO_FOR VARIABLE IN RANGE . PARENTESIS_INICIAL DIGITO PARENTESIS_FINAL DOS_PUNTOS PRINT PARENTESIS_INICIAL COMILLA VARIABLE COMILLA PARENTESIS_FINAL PUNTO_Y_COMA

    PARENTESIS_INICIAL shift and go to state 100


state 90

    (9) declaracion -> CONDICIONAL_IF DIGITO MENOR_IGUAL DIGITO DOS_PUNTOS PRINT PARENTESIS_INICIAL COMILLA VARIABLE . COMILLA PARENTESIS_FINAL PUNTO_Y_COMA

    COMILLA         shift and go to state 101


state 91

    (13) declaracion -> CONDICIONAL_IF DIGITO MENOR_IGUAL DIGITO DOS_PUNTOS CICLO_FOR VARIABLE IN RANGE . PARENTESIS_INICIAL DIGITO PARENTESIS_FINAL DOS_PUNTOS PRINT PARENTESIS_INICIAL COMILLA VARIABLE COMILLA PARENTESIS_FINAL PUNTO_Y_COMA

    PARENTESIS_INICIAL shift and go to state 102


state 92

    (10) declaracion -> CONDICIONAL_IF DIGITO MAYOR_IGUAL DIGITO DOS_PUNTOS PRINT PARENTESIS_INICIAL COMILLA VARIABLE . COMILLA PARENTESIS_FINAL PUNTO_Y_COMA

    COMILLA         shift and go to state 103


state 93

    (14) declaracion -> CONDICIONAL_IF DIGITO MAYOR_IGUAL DIGITO DOS_PUNTOS CICLO_FOR VARIABLE IN RANGE . PARENTESIS_INICIAL DIGITO PARENTESIS_FINAL DOS_PUNTOS PRINT PARENTESIS_INICIAL COMILLA VARIABLE COMILLA PARENTESIS_FINAL PUNTO_Y_COMA

    PARENTESIS_INICIAL shift and go to state 104


state 94

    (18) declaracion -> CICLO_FOR VARIABLE IN RANGE PARENTESIS_INICIAL DIGITO PARENTESIS_FINAL DOS_PUNTOS PRINT . PARENTESIS_INICIAL COMILLA VARIABLE COMILLA PARENTESIS_FINAL PUNTO_Y_COMA

    PARENTESIS_INICIAL shift and go to state 105


state 95

    (15) declaracion -> FUNCION_DEF VARIABLE PARENTESIS_INICIAL PARENTESIS_FINAL DOS_PUNTOS PRINT PARENTESIS_INICIAL COMILLA VARIABLE . COMILLA PARENTESIS_FINAL PUNTO_Y_COMA

    COMILLA         shift and go to state 106


state 96

    (16) declaracion -> FUNCION_DEF VARIABLE PARENTESIS_INICIAL PARENTESIS_FINAL DOS_PUNTOS CICLO_FOR VARIABLE IN RANGE . PARENTESIS_INICIAL DIGITO PARENTESIS_FINAL DOS_PUNTOS PRINT PARENTESIS_INICIAL COMILLA VARIABLE COMILLA PARENTESIS_FINAL PUNTO_Y_COMA

    PARENTESIS_INICIAL shift and go to state 107


state 97

    (7) declaracion -> CONDICIONAL_IF DIGITO MAYOR_QUE DIGITO DOS_PUNTOS PRINT PARENTESIS_INICIAL COMILLA VARIABLE COMILLA . PARENTESIS_FINAL PUNTO_Y_COMA

    PARENTESIS_FINAL shift and go to state 108


state 98

    (11) declaracion -> CONDICIONAL_IF DIGITO MAYOR_QUE DIGITO DOS_PUNTOS CICLO_FOR VARIABLE IN RANGE PARENTESIS_INICIAL . DIGITO PARENTESIS_FINAL DOS_PUNTOS PRINT PARENTESIS_INICIAL COMILLA VARIABLE COMILLA PARENTESIS_FINAL PUNTO_Y_COMA

    DIGITO          shift and go to state 109


state 99

    (8) declaracion -> CONDICIONAL_IF DIGITO MENOR_QUE DIGITO DOS_PUNTOS PRINT PARENTESIS_INICIAL COMILLA VARIABLE COMILLA . PARENTESIS_FINAL PUNTO_Y_COMA

    PARENTESIS_FINAL shift and go to state 110


state 100

    (12) declaracion -> CONDICIONAL_IF DIGITO MENOR_QUE DIGITO DOS_PUNTOS CICLO_FOR VARIABLE IN RANGE PARENTESIS_INICIAL . DIGITO PARENTESIS_FINAL DOS_PUNTOS PRINT PARENTESIS_INICIAL COMILLA VARIABLE COMILLA PARENTESIS_FINAL PUNTO_Y_COMA

    DIGITO          shift and go to state 111


state 101

    (9) declaracion -> CONDICIONAL_IF DIGITO MENOR_IGUAL DIGITO DOS_PUNTOS PRINT PARENTESIS_INICIAL COMILLA VARIABLE COMILLA . PARENTESIS_FINAL PUNTO_Y_COMA

    PARENTESIS_FINAL shift and go to state 112


state 102

    (13) declaracion -> CONDICIONAL_IF DIGITO MENOR_IGUAL DIGITO DOS_PUNTOS CICLO_FOR VARIABLE IN RANGE PARENTESIS_INICIAL . DIGITO PARENTESIS_FINAL DOS_PUNTOS PRINT PARENTESIS_INICIAL COMILLA VARIABLE COMILLA PARENTESIS_FINAL PUNTO_Y_COMA

    DIGITO          shift and go to state 113


state 103

    (10) declaracion -> CONDICIONAL_IF DIGITO MAYOR_IGUAL DIGITO DOS_PUNTOS PRINT PARENTESIS_INICIAL COMILLA VARIABLE COMILLA . PARENTESIS_FINAL PUNTO_Y_COMA

    PARENTESIS_FINAL shift and go to state 114


state 104

    (14) declaracion -> CONDICIONAL_IF DIGITO MAYOR_IGUAL DIGITO DOS_PUNTOS CICLO_FOR VARIABLE IN RANGE PARENTESIS_INICIAL . DIGITO PARENTESIS_FINAL DOS_PUNTOS PRINT PARENTESIS_INICIAL COMILLA VARIABLE COMILLA PARENTESIS_FINAL PUNTO_Y_COMA

    DIGITO          shift and go to state 115


state 105

    (18) declaracion -> CICLO_FOR VARIABLE IN RANGE PARENTESIS_INICIAL DIGITO PARENTESIS_FINAL DOS_PUNTOS PRINT PARENTESIS_INICIAL . COMILLA VARIABLE COMILLA PARENTESIS_FINAL PUNTO_Y_COMA

    COMILLA         shift and go to state 116


state 106

    (15) declaracion -> FUNCION_DEF VARIABLE PARENTESIS_INICIAL PARENTESIS_FINAL DOS_PUNTOS PRINT PARENTESIS_INICIAL COMILLA VARIABLE COMILLA . PARENTESIS_FINAL PUNTO_Y_COMA

    PARENTESIS_FINAL shift and go to state 117


state 107

    (16) declaracion -> FUNCION_DEF VARIABLE PARENTESIS_INICIAL PARENTESIS_FINAL DOS_PUNTOS CICLO_FOR VARIABLE IN RANGE PARENTESIS_INICIAL . DIGITO PARENTESIS_FINAL DOS_PUNTOS PRINT PARENTESIS_INICIAL COMILLA VARIABLE COMILLA PARENTESIS_FINAL PUNTO_Y_COMA

    DIGITO          shift and go to state 118


state 108

    (7) declaracion -> CONDICIONAL_IF DIGITO MAYOR_QUE DIGITO DOS_PUNTOS PRINT PARENTESIS_INICIAL COMILLA VARIABLE COMILLA PARENTESIS_FINAL . PUNTO_Y_COMA

    PUNTO_Y_COMA    shift and go to state 119


state 109

    (11) declaracion -> CONDICIONAL_IF DIGITO MAYOR_QUE DIGITO DOS_PUNTOS CICLO_FOR VARIABLE IN RANGE PARENTESIS_INICIAL DIGITO . PARENTESIS_FINAL DOS_PUNTOS PRINT PARENTESIS_INICIAL COMILLA VARIABLE COMILLA PARENTESIS_FINAL PUNTO_Y_COMA

    PARENTESIS_FINAL shift and go to state 120


state 110

    (8) declaracion -> CONDICIONAL_IF DIGITO MENOR_QUE DIGITO DOS_PUNTOS PRINT PARENTESIS_INICIAL COMILLA VARIABLE COMILLA PARENTESIS_FINAL . PUNTO_Y_COMA

    PUNTO_Y_COMA    shift and go to state 121


state 111

    (12) declaracion -> CONDICIONAL_IF DIGITO MENOR_QUE DIGITO DOS_PUNTOS CICLO_FOR VARIABLE IN RANGE PARENTESIS_INICIAL DIGITO . PARENTESIS_FINAL DOS_PUNTOS PRINT PARENTESIS_INICIAL COMILLA VARIABLE COMILLA PARENTESIS_FINAL PUNTO_Y_COMA

    PARENTESIS_FINAL shift and go to state 122


state 112

    (9) declaracion -> CONDICIONAL_IF DIGITO MENOR_IGUAL DIGITO DOS_PUNTOS PRINT PARENTESIS_INICIAL COMILLA VARIABLE COMILLA PARENTESIS_FINAL . PUNTO_Y_COMA

    PUNTO_Y_COMA    shift and go to state 123


state 113

    (13) declaracion -> CONDICIONAL_IF DIGITO MENOR_IGUAL DIGITO DOS_PUNTOS CICLO_FOR VARIABLE IN RANGE PARENTESIS_INICIAL DIGITO . PARENTESIS_FINAL DOS_PUNTOS PRINT PARENTESIS_INICIAL COMILLA VARIABLE COMILLA PARENTESIS_FINAL PUNTO_Y_COMA

    PARENTESIS_FINAL shift and go to state 124


state 114

    (10) declaracion -> CONDICIONAL_IF DIGITO MAYOR_IGUAL DIGITO DOS_PUNTOS PRINT PARENTESIS_INICIAL COMILLA VARIABLE COMILLA PARENTESIS_FINAL . PUNTO_Y_COMA

    PUNTO_Y_COMA    shift and go to state 125


state 115

    (14) declaracion -> CONDICIONAL_IF DIGITO MAYOR_IGUAL DIGITO DOS_PUNTOS CICLO_FOR VARIABLE IN RANGE PARENTESIS_INICIAL DIGITO . PARENTESIS_FINAL DOS_PUNTOS PRINT PARENTESIS_INICIAL COMILLA VARIABLE COMILLA PARENTESIS_FINAL PUNTO_Y_COMA

    PARENTESIS_FINAL shift and go to state 126


state 116

    (18) declaracion -> CICLO_FOR VARIABLE IN RANGE PARENTESIS_INICIAL DIGITO PARENTESIS_FINAL DOS_PUNTOS PRINT PARENTESIS_INICIAL COMILLA . VARIABLE COMILLA PARENTESIS_FINAL PUNTO_Y_COMA

    VARIABLE        shift and go to state 127


state 117

    (15) declaracion -> FUNCION_DEF VARIABLE PARENTESIS_INICIAL PARENTESIS_FINAL DOS_PUNTOS PRINT PARENTESIS_INICIAL COMILLA VARIABLE COMILLA PARENTESIS_FINAL . PUNTO_Y_COMA

    PUNTO_Y_COMA    shift and go to state 128


state 118

    (16) declaracion -> FUNCION_DEF VARIABLE PARENTESIS_INICIAL PARENTESIS_FINAL DOS_PUNTOS CICLO_FOR VARIABLE IN RANGE PARENTESIS_INICIAL DIGITO . PARENTESIS_FINAL DOS_PUNTOS PRINT PARENTESIS_INICIAL COMILLA VARIABLE COMILLA PARENTESIS_FINAL PUNTO_Y_COMA

    PARENTESIS_FINAL shift and go to state 129


state 119

    (7) declaracion -> CONDICIONAL_IF DIGITO MAYOR_QUE DIGITO DOS_PUNTOS PRINT PARENTESIS_INICIAL COMILLA VARIABLE COMILLA PARENTESIS_FINAL PUNTO_Y_COMA .

    VARIABLE        reduce using rule 7 (declaracion -> CONDICIONAL_IF DIGITO MAYOR_QUE DIGITO DOS_PUNTOS PRINT PARENTESIS_INICIAL COMILLA VARIABLE COMILLA PARENTESIS_FINAL PUNTO_Y_COMA .)
    CONDICIONAL_IF  reduce using rule 7 (declaracion -> CONDICIONAL_IF DIGITO MAYOR_QUE DIGITO DOS_PUNTOS PRINT PARENTESIS_INICIAL COMILLA VARIABLE COMILLA PARENTESIS_FINAL PUNTO_Y_COMA .)
    FUNCION_DEF     reduce using rule 7 (declaracion -> CONDICIONAL_IF DIGITO MAYOR_QUE DIGITO DOS_PUNTOS PRINT PARENTESIS_INICIAL COMILLA VARIABLE COMILLA PARENTESIS_FINAL PUNTO_Y_COMA .)
    CICLO_FOR       reduce using rule 7 (declaracion -> CONDICIONAL_IF DIGITO MAYOR_QUE DIGITO DOS_PUNTOS PRINT PARENTESIS_INICIAL COMILLA VARIABLE COMILLA PARENTESIS_FINAL PUNTO_Y_COMA .)
    PRINT           reduce using rule 7 (declaracion -> CONDICIONAL_IF DIGITO MAYOR_QUE DIGITO DOS_PUNTOS PRINT PARENTESIS_INICIAL COMILLA VARIABLE COMILLA PARENTESIS_FINAL PUNTO_Y_COMA .)
    $end            reduce using rule 7 (declaracion -> CONDICIONAL_IF DIGITO MAYOR_QUE DIGITO DOS_PUNTOS PRINT PARENTESIS_INICIAL COMILLA VARIABLE COMILLA PARENTESIS_FINAL PUNTO_Y_COMA .)


state 120

    (11) declaracion -> CONDICIONAL_IF DIGITO MAYOR_QUE DIGITO DOS_PUNTOS CICLO_FOR VARIABLE IN RANGE PARENTESIS_INICIAL DIGITO PARENTESIS_FINAL . DOS_PUNTOS PRINT PARENTESIS_INICIAL COMILLA VARIABLE COMILLA PARENTESIS_FINAL PUNTO_Y_COMA

    DOS_PUNTOS      shift and go to state 130


state 121

    (8) declaracion -> CONDICIONAL_IF DIGITO MENOR_QUE DIGITO DOS_PUNTOS PRINT PARENTESIS_INICIAL COMILLA VARIABLE COMILLA PARENTESIS_FINAL PUNTO_Y_COMA .

    VARIABLE        reduce using rule 8 (declaracion -> CONDICIONAL_IF DIGITO MENOR_QUE DIGITO DOS_PUNTOS PRINT PARENTESIS_INICIAL COMILLA VARIABLE COMILLA PARENTESIS_FINAL PUNTO_Y_COMA .)
    CONDICIONAL_IF  reduce using rule 8 (declaracion -> CONDICIONAL_IF DIGITO MENOR_QUE DIGITO DOS_PUNTOS PRINT PARENTESIS_INICIAL COMILLA VARIABLE COMILLA PARENTESIS_FINAL PUNTO_Y_COMA .)
    FUNCION_DEF     reduce using rule 8 (declaracion -> CONDICIONAL_IF DIGITO MENOR_QUE DIGITO DOS_PUNTOS PRINT PARENTESIS_INICIAL COMILLA VARIABLE COMILLA PARENTESIS_FINAL PUNTO_Y_COMA .)
    CICLO_FOR       reduce using rule 8 (declaracion -> CONDICIONAL_IF DIGITO MENOR_QUE DIGITO DOS_PUNTOS PRINT PARENTESIS_INICIAL COMILLA VARIABLE COMILLA PARENTESIS_FINAL PUNTO_Y_COMA .)
    PRINT           reduce using rule 8 (declaracion -> CONDICIONAL_IF DIGITO MENOR_QUE DIGITO DOS_PUNTOS PRINT PARENTESIS_INICIAL COMILLA VARIABLE COMILLA PARENTESIS_FINAL PUNTO_Y_COMA .)
    $end            reduce using rule 8 (declaracion -> CONDICIONAL_IF DIGITO MENOR_QUE DIGITO DOS_PUNTOS PRINT PARENTESIS_INICIAL COMILLA VARIABLE COMILLA PARENTESIS_FINAL PUNTO_Y_COMA .)


state 122

    (12) declaracion -> CONDICIONAL_IF DIGITO MENOR_QUE DIGITO DOS_PUNTOS CICLO_FOR VARIABLE IN RANGE PARENTESIS_INICIAL DIGITO PARENTESIS_FINAL . DOS_PUNTOS PRINT PARENTESIS_INICIAL COMILLA VARIABLE COMILLA PARENTESIS_FINAL PUNTO_Y_COMA

    DOS_PUNTOS      shift and go to state 131


state 123

    (9) declaracion -> CONDICIONAL_IF DIGITO MENOR_IGUAL DIGITO DOS_PUNTOS PRINT PARENTESIS_INICIAL COMILLA VARIABLE COMILLA PARENTESIS_FINAL PUNTO_Y_COMA .

    VARIABLE        reduce using rule 9 (declaracion -> CONDICIONAL_IF DIGITO MENOR_IGUAL DIGITO DOS_PUNTOS PRINT PARENTESIS_INICIAL COMILLA VARIABLE COMILLA PARENTESIS_FINAL PUNTO_Y_COMA .)
    CONDICIONAL_IF  reduce using rule 9 (declaracion -> CONDICIONAL_IF DIGITO MENOR_IGUAL DIGITO DOS_PUNTOS PRINT PARENTESIS_INICIAL COMILLA VARIABLE COMILLA PARENTESIS_FINAL PUNTO_Y_COMA .)
    FUNCION_DEF     reduce using rule 9 (declaracion -> CONDICIONAL_IF DIGITO MENOR_IGUAL DIGITO DOS_PUNTOS PRINT PARENTESIS_INICIAL COMILLA VARIABLE COMILLA PARENTESIS_FINAL PUNTO_Y_COMA .)
    CICLO_FOR       reduce using rule 9 (declaracion -> CONDICIONAL_IF DIGITO MENOR_IGUAL DIGITO DOS_PUNTOS PRINT PARENTESIS_INICIAL COMILLA VARIABLE COMILLA PARENTESIS_FINAL PUNTO_Y_COMA .)
    PRINT           reduce using rule 9 (declaracion -> CONDICIONAL_IF DIGITO MENOR_IGUAL DIGITO DOS_PUNTOS PRINT PARENTESIS_INICIAL COMILLA VARIABLE COMILLA PARENTESIS_FINAL PUNTO_Y_COMA .)
    $end            reduce using rule 9 (declaracion -> CONDICIONAL_IF DIGITO MENOR_IGUAL DIGITO DOS_PUNTOS PRINT PARENTESIS_INICIAL COMILLA VARIABLE COMILLA PARENTESIS_FINAL PUNTO_Y_COMA .)


state 124

    (13) declaracion -> CONDICIONAL_IF DIGITO MENOR_IGUAL DIGITO DOS_PUNTOS CICLO_FOR VARIABLE IN RANGE PARENTESIS_INICIAL DIGITO PARENTESIS_FINAL . DOS_PUNTOS PRINT PARENTESIS_INICIAL COMILLA VARIABLE COMILLA PARENTESIS_FINAL PUNTO_Y_COMA

    DOS_PUNTOS      shift and go to state 132


state 125

    (10) declaracion -> CONDICIONAL_IF DIGITO MAYOR_IGUAL DIGITO DOS_PUNTOS PRINT PARENTESIS_INICIAL COMILLA VARIABLE COMILLA PARENTESIS_FINAL PUNTO_Y_COMA .

    VARIABLE        reduce using rule 10 (declaracion -> CONDICIONAL_IF DIGITO MAYOR_IGUAL DIGITO DOS_PUNTOS PRINT PARENTESIS_INICIAL COMILLA VARIABLE COMILLA PARENTESIS_FINAL PUNTO_Y_COMA .)
    CONDICIONAL_IF  reduce using rule 10 (declaracion -> CONDICIONAL_IF DIGITO MAYOR_IGUAL DIGITO DOS_PUNTOS PRINT PARENTESIS_INICIAL COMILLA VARIABLE COMILLA PARENTESIS_FINAL PUNTO_Y_COMA .)
    FUNCION_DEF     reduce using rule 10 (declaracion -> CONDICIONAL_IF DIGITO MAYOR_IGUAL DIGITO DOS_PUNTOS PRINT PARENTESIS_INICIAL COMILLA VARIABLE COMILLA PARENTESIS_FINAL PUNTO_Y_COMA .)
    CICLO_FOR       reduce using rule 10 (declaracion -> CONDICIONAL_IF DIGITO MAYOR_IGUAL DIGITO DOS_PUNTOS PRINT PARENTESIS_INICIAL COMILLA VARIABLE COMILLA PARENTESIS_FINAL PUNTO_Y_COMA .)
    PRINT           reduce using rule 10 (declaracion -> CONDICIONAL_IF DIGITO MAYOR_IGUAL DIGITO DOS_PUNTOS PRINT PARENTESIS_INICIAL COMILLA VARIABLE COMILLA PARENTESIS_FINAL PUNTO_Y_COMA .)
    $end            reduce using rule 10 (declaracion -> CONDICIONAL_IF DIGITO MAYOR_IGUAL DIGITO DOS_PUNTOS PRINT PARENTESIS_INICIAL COMILLA VARIABLE COMILLA PARENTESIS_FINAL PUNTO_Y_COMA .)


state 126

    (14) declaracion -> CONDICIONAL_IF DIGITO MAYOR_IGUAL DIGITO DOS_PUNTOS CICLO_FOR VARIABLE IN RANGE PARENTESIS_INICIAL DIGITO PARENTESIS_FINAL . DOS_PUNTOS PRINT PARENTESIS_INICIAL COMILLA VARIABLE COMILLA PARENTESIS_FINAL PUNTO_Y_COMA

    DOS_PUNTOS      shift and go to state 133


state 127

    (18) declaracion -> CICLO_FOR VARIABLE IN RANGE PARENTESIS_INICIAL DIGITO PARENTESIS_FINAL DOS_PUNTOS PRINT PARENTESIS_INICIAL COMILLA VARIABLE . COMILLA PARENTESIS_FINAL PUNTO_Y_COMA

    COMILLA         shift and go to state 134


state 128

    (15) declaracion -> FUNCION_DEF VARIABLE PARENTESIS_INICIAL PARENTESIS_FINAL DOS_PUNTOS PRINT PARENTESIS_INICIAL COMILLA VARIABLE COMILLA PARENTESIS_FINAL PUNTO_Y_COMA .

    VARIABLE        reduce using rule 15 (declaracion -> FUNCION_DEF VARIABLE PARENTESIS_INICIAL PARENTESIS_FINAL DOS_PUNTOS PRINT PARENTESIS_INICIAL COMILLA VARIABLE COMILLA PARENTESIS_FINAL PUNTO_Y_COMA .)
    CONDICIONAL_IF  reduce using rule 15 (declaracion -> FUNCION_DEF VARIABLE PARENTESIS_INICIAL PARENTESIS_FINAL DOS_PUNTOS PRINT PARENTESIS_INICIAL COMILLA VARIABLE COMILLA PARENTESIS_FINAL PUNTO_Y_COMA .)
    FUNCION_DEF     reduce using rule 15 (declaracion -> FUNCION_DEF VARIABLE PARENTESIS_INICIAL PARENTESIS_FINAL DOS_PUNTOS PRINT PARENTESIS_INICIAL COMILLA VARIABLE COMILLA PARENTESIS_FINAL PUNTO_Y_COMA .)
    CICLO_FOR       reduce using rule 15 (declaracion -> FUNCION_DEF VARIABLE PARENTESIS_INICIAL PARENTESIS_FINAL DOS_PUNTOS PRINT PARENTESIS_INICIAL COMILLA VARIABLE COMILLA PARENTESIS_FINAL PUNTO_Y_COMA .)
    PRINT           reduce using rule 15 (declaracion -> FUNCION_DEF VARIABLE PARENTESIS_INICIAL PARENTESIS_FINAL DOS_PUNTOS PRINT PARENTESIS_INICIAL COMILLA VARIABLE COMILLA PARENTESIS_FINAL PUNTO_Y_COMA .)
    $end            reduce using rule 15 (declaracion -> FUNCION_DEF VARIABLE PARENTESIS_INICIAL PARENTESIS_FINAL DOS_PUNTOS PRINT PARENTESIS_INICIAL COMILLA VARIABLE COMILLA PARENTESIS_FINAL PUNTO_Y_COMA .)


state 129

    (16) declaracion -> FUNCION_DEF VARIABLE PARENTESIS_INICIAL PARENTESIS_FINAL DOS_PUNTOS CICLO_FOR VARIABLE IN RANGE PARENTESIS_INICIAL DIGITO PARENTESIS_FINAL . DOS_PUNTOS PRINT PARENTESIS_INICIAL COMILLA VARIABLE COMILLA PARENTESIS_FINAL PUNTO_Y_COMA

    DOS_PUNTOS      shift and go to state 135


state 130

    (11) declaracion -> CONDICIONAL_IF DIGITO MAYOR_QUE DIGITO DOS_PUNTOS CICLO_FOR VARIABLE IN RANGE PARENTESIS_INICIAL DIGITO PARENTESIS_FINAL DOS_PUNTOS . PRINT PARENTESIS_INICIAL COMILLA VARIABLE COMILLA PARENTESIS_FINAL PUNTO_Y_COMA

    PRINT           shift and go to state 136


state 131

    (12) declaracion -> CONDICIONAL_IF DIGITO MENOR_QUE DIGITO DOS_PUNTOS CICLO_FOR VARIABLE IN RANGE PARENTESIS_INICIAL DIGITO PARENTESIS_FINAL DOS_PUNTOS . PRINT PARENTESIS_INICIAL COMILLA VARIABLE COMILLA PARENTESIS_FINAL PUNTO_Y_COMA

    PRINT           shift and go to state 137


state 132

    (13) declaracion -> CONDICIONAL_IF DIGITO MENOR_IGUAL DIGITO DOS_PUNTOS CICLO_FOR VARIABLE IN RANGE PARENTESIS_INICIAL DIGITO PARENTESIS_FINAL DOS_PUNTOS . PRINT PARENTESIS_INICIAL COMILLA VARIABLE COMILLA PARENTESIS_FINAL PUNTO_Y_COMA

    PRINT           shift and go to state 138


state 133

    (14) declaracion -> CONDICIONAL_IF DIGITO MAYOR_IGUAL DIGITO DOS_PUNTOS CICLO_FOR VARIABLE IN RANGE PARENTESIS_INICIAL DIGITO PARENTESIS_FINAL DOS_PUNTOS . PRINT PARENTESIS_INICIAL COMILLA VARIABLE COMILLA PARENTESIS_FINAL PUNTO_Y_COMA

    PRINT           shift and go to state 139


state 134

    (18) declaracion -> CICLO_FOR VARIABLE IN RANGE PARENTESIS_INICIAL DIGITO PARENTESIS_FINAL DOS_PUNTOS PRINT PARENTESIS_INICIAL COMILLA VARIABLE COMILLA . PARENTESIS_FINAL PUNTO_Y_COMA

    PARENTESIS_FINAL shift and go to state 140


state 135

    (16) declaracion -> FUNCION_DEF VARIABLE PARENTESIS_INICIAL PARENTESIS_FINAL DOS_PUNTOS CICLO_FOR VARIABLE IN RANGE PARENTESIS_INICIAL DIGITO PARENTESIS_FINAL DOS_PUNTOS . PRINT PARENTESIS_INICIAL COMILLA VARIABLE COMILLA PARENTESIS_FINAL PUNTO_Y_COMA

    PRINT           shift and go to state 141


state 136

    (11) declaracion -> CONDICIONAL_IF DIGITO MAYOR_QUE DIGITO DOS_PUNTOS CICLO_FOR VARIABLE IN RANGE PARENTESIS_INICIAL DIGITO PARENTESIS_FINAL DOS_PUNTOS PRINT . PARENTESIS_INICIAL COMILLA VARIABLE COMILLA PARENTESIS_FINAL PUNTO_Y_COMA

    PARENTESIS_INICIAL shift and go to state 142


state 137

    (12) declaracion -> CONDICIONAL_IF DIGITO MENOR_QUE DIGITO DOS_PUNTOS CICLO_FOR VARIABLE IN RANGE PARENTESIS_INICIAL DIGITO PARENTESIS_FINAL DOS_PUNTOS PRINT . PARENTESIS_INICIAL COMILLA VARIABLE COMILLA PARENTESIS_FINAL PUNTO_Y_COMA

    PARENTESIS_INICIAL shift and go to state 143


state 138

    (13) declaracion -> CONDICIONAL_IF DIGITO MENOR_IGUAL DIGITO DOS_PUNTOS CICLO_FOR VARIABLE IN RANGE PARENTESIS_INICIAL DIGITO PARENTESIS_FINAL DOS_PUNTOS PRINT . PARENTESIS_INICIAL COMILLA VARIABLE COMILLA PARENTESIS_FINAL PUNTO_Y_COMA

    PARENTESIS_INICIAL shift and go to state 144


state 139

    (14) declaracion -> CONDICIONAL_IF DIGITO MAYOR_IGUAL DIGITO DOS_PUNTOS CICLO_FOR VARIABLE IN RANGE PARENTESIS_INICIAL DIGITO PARENTESIS_FINAL DOS_PUNTOS PRINT . PARENTESIS_INICIAL COMILLA VARIABLE COMILLA PARENTESIS_FINAL PUNTO_Y_COMA

    PARENTESIS_INICIAL shift and go to state 145


state 140

    (18) declaracion -> CICLO_FOR VARIABLE IN RANGE PARENTESIS_INICIAL DIGITO PARENTESIS_FINAL DOS_PUNTOS PRINT PARENTESIS_INICIAL COMILLA VARIABLE COMILLA PARENTESIS_FINAL . PUNTO_Y_COMA

    PUNTO_Y_COMA    shift and go to state 146


state 141

    (16) declaracion -> FUNCION_DEF VARIABLE PARENTESIS_INICIAL PARENTESIS_FINAL DOS_PUNTOS CICLO_FOR VARIABLE IN RANGE PARENTESIS_INICIAL DIGITO PARENTESIS_FINAL DOS_PUNTOS PRINT . PARENTESIS_INICIAL COMILLA VARIABLE COMILLA PARENTESIS_FINAL PUNTO_Y_COMA

    PARENTESIS_INICIAL shift and go to state 147


state 142

    (11) declaracion -> CONDICIONAL_IF DIGITO MAYOR_QUE DIGITO DOS_PUNTOS CICLO_FOR VARIABLE IN RANGE PARENTESIS_INICIAL DIGITO PARENTESIS_FINAL DOS_PUNTOS PRINT PARENTESIS_INICIAL . COMILLA VARIABLE COMILLA PARENTESIS_FINAL PUNTO_Y_COMA

    COMILLA         shift and go to state 148


state 143

    (12) declaracion -> CONDICIONAL_IF DIGITO MENOR_QUE DIGITO DOS_PUNTOS CICLO_FOR VARIABLE IN RANGE PARENTESIS_INICIAL DIGITO PARENTESIS_FINAL DOS_PUNTOS PRINT PARENTESIS_INICIAL . COMILLA VARIABLE COMILLA PARENTESIS_FINAL PUNTO_Y_COMA

    COMILLA         shift and go to state 149


state 144

    (13) declaracion -> CONDICIONAL_IF DIGITO MENOR_IGUAL DIGITO DOS_PUNTOS CICLO_FOR VARIABLE IN RANGE PARENTESIS_INICIAL DIGITO PARENTESIS_FINAL DOS_PUNTOS PRINT PARENTESIS_INICIAL . COMILLA VARIABLE COMILLA PARENTESIS_FINAL PUNTO_Y_COMA

    COMILLA         shift and go to state 150


state 145

    (14) declaracion -> CONDICIONAL_IF DIGITO MAYOR_IGUAL DIGITO DOS_PUNTOS CICLO_FOR VARIABLE IN RANGE PARENTESIS_INICIAL DIGITO PARENTESIS_FINAL DOS_PUNTOS PRINT PARENTESIS_INICIAL . COMILLA VARIABLE COMILLA PARENTESIS_FINAL PUNTO_Y_COMA

    COMILLA         shift and go to state 151


state 146

    (18) declaracion -> CICLO_FOR VARIABLE IN RANGE PARENTESIS_INICIAL DIGITO PARENTESIS_FINAL DOS_PUNTOS PRINT PARENTESIS_INICIAL COMILLA VARIABLE COMILLA PARENTESIS_FINAL PUNTO_Y_COMA .

    VARIABLE        reduce using rule 18 (declaracion -> CICLO_FOR VARIABLE IN RANGE PARENTESIS_INICIAL DIGITO PARENTESIS_FINAL DOS_PUNTOS PRINT PARENTESIS_INICIAL COMILLA VARIABLE COMILLA PARENTESIS_FINAL PUNTO_Y_COMA .)
    CONDICIONAL_IF  reduce using rule 18 (declaracion -> CICLO_FOR VARIABLE IN RANGE PARENTESIS_INICIAL DIGITO PARENTESIS_FINAL DOS_PUNTOS PRINT PARENTESIS_INICIAL COMILLA VARIABLE COMILLA PARENTESIS_FINAL PUNTO_Y_COMA .)
    FUNCION_DEF     reduce using rule 18 (declaracion -> CICLO_FOR VARIABLE IN RANGE PARENTESIS_INICIAL DIGITO PARENTESIS_FINAL DOS_PUNTOS PRINT PARENTESIS_INICIAL COMILLA VARIABLE COMILLA PARENTESIS_FINAL PUNTO_Y_COMA .)
    CICLO_FOR       reduce using rule 18 (declaracion -> CICLO_FOR VARIABLE IN RANGE PARENTESIS_INICIAL DIGITO PARENTESIS_FINAL DOS_PUNTOS PRINT PARENTESIS_INICIAL COMILLA VARIABLE COMILLA PARENTESIS_FINAL PUNTO_Y_COMA .)
    PRINT           reduce using rule 18 (declaracion -> CICLO_FOR VARIABLE IN RANGE PARENTESIS_INICIAL DIGITO PARENTESIS_FINAL DOS_PUNTOS PRINT PARENTESIS_INICIAL COMILLA VARIABLE COMILLA PARENTESIS_FINAL PUNTO_Y_COMA .)
    $end            reduce using rule 18 (declaracion -> CICLO_FOR VARIABLE IN RANGE PARENTESIS_INICIAL DIGITO PARENTESIS_FINAL DOS_PUNTOS PRINT PARENTESIS_INICIAL COMILLA VARIABLE COMILLA PARENTESIS_FINAL PUNTO_Y_COMA .)


state 147

    (16) declaracion -> FUNCION_DEF VARIABLE PARENTESIS_INICIAL PARENTESIS_FINAL DOS_PUNTOS CICLO_FOR VARIABLE IN RANGE PARENTESIS_INICIAL DIGITO PARENTESIS_FINAL DOS_PUNTOS PRINT PARENTESIS_INICIAL . COMILLA VARIABLE COMILLA PARENTESIS_FINAL PUNTO_Y_COMA

    COMILLA         shift and go to state 152


state 148

    (11) declaracion -> CONDICIONAL_IF DIGITO MAYOR_QUE DIGITO DOS_PUNTOS CICLO_FOR VARIABLE IN RANGE PARENTESIS_INICIAL DIGITO PARENTESIS_FINAL DOS_PUNTOS PRINT PARENTESIS_INICIAL COMILLA . VARIABLE COMILLA PARENTESIS_FINAL PUNTO_Y_COMA

    VARIABLE        shift and go to state 153


state 149

    (12) declaracion -> CONDICIONAL_IF DIGITO MENOR_QUE DIGITO DOS_PUNTOS CICLO_FOR VARIABLE IN RANGE PARENTESIS_INICIAL DIGITO PARENTESIS_FINAL DOS_PUNTOS PRINT PARENTESIS_INICIAL COMILLA . VARIABLE COMILLA PARENTESIS_FINAL PUNTO_Y_COMA

    VARIABLE        shift and go to state 154


state 150

    (13) declaracion -> CONDICIONAL_IF DIGITO MENOR_IGUAL DIGITO DOS_PUNTOS CICLO_FOR VARIABLE IN RANGE PARENTESIS_INICIAL DIGITO PARENTESIS_FINAL DOS_PUNTOS PRINT PARENTESIS_INICIAL COMILLA . VARIABLE COMILLA PARENTESIS_FINAL PUNTO_Y_COMA

    VARIABLE        shift and go to state 155


state 151

    (14) declaracion -> CONDICIONAL_IF DIGITO MAYOR_IGUAL DIGITO DOS_PUNTOS CICLO_FOR VARIABLE IN RANGE PARENTESIS_INICIAL DIGITO PARENTESIS_FINAL DOS_PUNTOS PRINT PARENTESIS_INICIAL COMILLA . VARIABLE COMILLA PARENTESIS_FINAL PUNTO_Y_COMA

    VARIABLE        shift and go to state 156


state 152

    (16) declaracion -> FUNCION_DEF VARIABLE PARENTESIS_INICIAL PARENTESIS_FINAL DOS_PUNTOS CICLO_FOR VARIABLE IN RANGE PARENTESIS_INICIAL DIGITO PARENTESIS_FINAL DOS_PUNTOS PRINT PARENTESIS_INICIAL COMILLA . VARIABLE COMILLA PARENTESIS_FINAL PUNTO_Y_COMA

    VARIABLE        shift and go to state 157


state 153

    (11) declaracion -> CONDICIONAL_IF DIGITO MAYOR_QUE DIGITO DOS_PUNTOS CICLO_FOR VARIABLE IN RANGE PARENTESIS_INICIAL DIGITO PARENTESIS_FINAL DOS_PUNTOS PRINT PARENTESIS_INICIAL COMILLA VARIABLE . COMILLA PARENTESIS_FINAL PUNTO_Y_COMA

    COMILLA         shift and go to state 158


state 154

    (12) declaracion -> CONDICIONAL_IF DIGITO MENOR_QUE DIGITO DOS_PUNTOS CICLO_FOR VARIABLE IN RANGE PARENTESIS_INICIAL DIGITO PARENTESIS_FINAL DOS_PUNTOS PRINT PARENTESIS_INICIAL COMILLA VARIABLE . COMILLA PARENTESIS_FINAL PUNTO_Y_COMA

    COMILLA         shift and go to state 159


state 155

    (13) declaracion -> CONDICIONAL_IF DIGITO MENOR_IGUAL DIGITO DOS_PUNTOS CICLO_FOR VARIABLE IN RANGE PARENTESIS_INICIAL DIGITO PARENTESIS_FINAL DOS_PUNTOS PRINT PARENTESIS_INICIAL COMILLA VARIABLE . COMILLA PARENTESIS_FINAL PUNTO_Y_COMA

    COMILLA         shift and go to state 160


state 156

    (14) declaracion -> CONDICIONAL_IF DIGITO MAYOR_IGUAL DIGITO DOS_PUNTOS CICLO_FOR VARIABLE IN RANGE PARENTESIS_INICIAL DIGITO PARENTESIS_FINAL DOS_PUNTOS PRINT PARENTESIS_INICIAL COMILLA VARIABLE . COMILLA PARENTESIS_FINAL PUNTO_Y_COMA

    COMILLA         shift and go to state 161


state 157

    (16) declaracion -> FUNCION_DEF VARIABLE PARENTESIS_INICIAL PARENTESIS_FINAL DOS_PUNTOS CICLO_FOR VARIABLE IN RANGE PARENTESIS_INICIAL DIGITO PARENTESIS_FINAL DOS_PUNTOS PRINT PARENTESIS_INICIAL COMILLA VARIABLE . COMILLA PARENTESIS_FINAL PUNTO_Y_COMA

    COMILLA         shift and go to state 162


state 158

    (11) declaracion -> CONDICIONAL_IF DIGITO MAYOR_QUE DIGITO DOS_PUNTOS CICLO_FOR VARIABLE IN RANGE PARENTESIS_INICIAL DIGITO PARENTESIS_FINAL DOS_PUNTOS PRINT PARENTESIS_INICIAL COMILLA VARIABLE COMILLA . PARENTESIS_FINAL PUNTO_Y_COMA

    PARENTESIS_FINAL shift and go to state 163


state 159

    (12) declaracion -> CONDICIONAL_IF DIGITO MENOR_QUE DIGITO DOS_PUNTOS CICLO_FOR VARIABLE IN RANGE PARENTESIS_INICIAL DIGITO PARENTESIS_FINAL DOS_PUNTOS PRINT PARENTESIS_INICIAL COMILLA VARIABLE COMILLA . PARENTESIS_FINAL PUNTO_Y_COMA

    PARENTESIS_FINAL shift and go to state 164


state 160

    (13) declaracion -> CONDICIONAL_IF DIGITO MENOR_IGUAL DIGITO DOS_PUNTOS CICLO_FOR VARIABLE IN RANGE PARENTESIS_INICIAL DIGITO PARENTESIS_FINAL DOS_PUNTOS PRINT PARENTESIS_INICIAL COMILLA VARIABLE COMILLA . PARENTESIS_FINAL PUNTO_Y_COMA

    PARENTESIS_FINAL shift and go to state 165


state 161

    (14) declaracion -> CONDICIONAL_IF DIGITO MAYOR_IGUAL DIGITO DOS_PUNTOS CICLO_FOR VARIABLE IN RANGE PARENTESIS_INICIAL DIGITO PARENTESIS_FINAL DOS_PUNTOS PRINT PARENTESIS_INICIAL COMILLA VARIABLE COMILLA . PARENTESIS_FINAL PUNTO_Y_COMA

    PARENTESIS_FINAL shift and go to state 166


state 162

    (16) declaracion -> FUNCION_DEF VARIABLE PARENTESIS_INICIAL PARENTESIS_FINAL DOS_PUNTOS CICLO_FOR VARIABLE IN RANGE PARENTESIS_INICIAL DIGITO PARENTESIS_FINAL DOS_PUNTOS PRINT PARENTESIS_INICIAL COMILLA VARIABLE COMILLA . PARENTESIS_FINAL PUNTO_Y_COMA

    PARENTESIS_FINAL shift and go to state 167


state 163

    (11) declaracion -> CONDICIONAL_IF DIGITO MAYOR_QUE DIGITO DOS_PUNTOS CICLO_FOR VARIABLE IN RANGE PARENTESIS_INICIAL DIGITO PARENTESIS_FINAL DOS_PUNTOS PRINT PARENTESIS_INICIAL COMILLA VARIABLE COMILLA PARENTESIS_FINAL . PUNTO_Y_COMA

    PUNTO_Y_COMA    shift and go to state 168


state 164

    (12) declaracion -> CONDICIONAL_IF DIGITO MENOR_QUE DIGITO DOS_PUNTOS CICLO_FOR VARIABLE IN RANGE PARENTESIS_INICIAL DIGITO PARENTESIS_FINAL DOS_PUNTOS PRINT PARENTESIS_INICIAL COMILLA VARIABLE COMILLA PARENTESIS_FINAL . PUNTO_Y_COMA

    PUNTO_Y_COMA    shift and go to state 169


state 165

    (13) declaracion -> CONDICIONAL_IF DIGITO MENOR_IGUAL DIGITO DOS_PUNTOS CICLO_FOR VARIABLE IN RANGE PARENTESIS_INICIAL DIGITO PARENTESIS_FINAL DOS_PUNTOS PRINT PARENTESIS_INICIAL COMILLA VARIABLE COMILLA PARENTESIS_FINAL . PUNTO_Y_COMA

    PUNTO_Y_COMA    shift and go to state 170


state 166

    (14) declaracion -> CONDICIONAL_IF DIGITO MAYOR_IGUAL DIGITO DOS_PUNTOS CICLO_FOR VARIABLE IN RANGE PARENTESIS_INICIAL DIGITO PARENTESIS_FINAL DOS_PUNTOS PRINT PARENTESIS_INICIAL COMILLA VARIABLE COMILLA PARENTESIS_FINAL . PUNTO_Y_COMA

    PUNTO_Y_COMA    shift and go to state 171


state 167

    (16) declaracion -> FUNCION_DEF VARIABLE PARENTESIS_INICIAL PARENTESIS_FINAL DOS_PUNTOS CICLO_FOR VARIABLE IN RANGE PARENTESIS_INICIAL DIGITO PARENTESIS_FINAL DOS_PUNTOS PRINT PARENTESIS_INICIAL COMILLA VARIABLE COMILLA PARENTESIS_FINAL . PUNTO_Y_COMA

    PUNTO_Y_COMA    shift and go to state 172


state 168

    (11) declaracion -> CONDICIONAL_IF DIGITO MAYOR_QUE DIGITO DOS_PUNTOS CICLO_FOR VARIABLE IN RANGE PARENTESIS_INICIAL DIGITO PARENTESIS_FINAL DOS_PUNTOS PRINT PARENTESIS_INICIAL COMILLA VARIABLE COMILLA PARENTESIS_FINAL PUNTO_Y_COMA .

    VARIABLE        reduce using rule 11 (declaracion -> CONDICIONAL_IF DIGITO MAYOR_QUE DIGITO DOS_PUNTOS CICLO_FOR VARIABLE IN RANGE PARENTESIS_INICIAL DIGITO PARENTESIS_FINAL DOS_PUNTOS PRINT PARENTESIS_INICIAL COMILLA VARIABLE COMILLA PARENTESIS_FINAL PUNTO_Y_COMA .)
    CONDICIONAL_IF  reduce using rule 11 (declaracion -> CONDICIONAL_IF DIGITO MAYOR_QUE DIGITO DOS_PUNTOS CICLO_FOR VARIABLE IN RANGE PARENTESIS_INICIAL DIGITO PARENTESIS_FINAL DOS_PUNTOS PRINT PARENTESIS_INICIAL COMILLA VARIABLE COMILLA PARENTESIS_FINAL PUNTO_Y_COMA .)
    FUNCION_DEF     reduce using rule 11 (declaracion -> CONDICIONAL_IF DIGITO MAYOR_QUE DIGITO DOS_PUNTOS CICLO_FOR VARIABLE IN RANGE PARENTESIS_INICIAL DIGITO PARENTESIS_FINAL DOS_PUNTOS PRINT PARENTESIS_INICIAL COMILLA VARIABLE COMILLA PARENTESIS_FINAL PUNTO_Y_COMA .)
    CICLO_FOR       reduce using rule 11 (declaracion -> CONDICIONAL_IF DIGITO MAYOR_QUE DIGITO DOS_PUNTOS CICLO_FOR VARIABLE IN RANGE PARENTESIS_INICIAL DIGITO PARENTESIS_FINAL DOS_PUNTOS PRINT PARENTESIS_INICIAL COMILLA VARIABLE COMILLA PARENTESIS_FINAL PUNTO_Y_COMA .)
    PRINT           reduce using rule 11 (declaracion -> CONDICIONAL_IF DIGITO MAYOR_QUE DIGITO DOS_PUNTOS CICLO_FOR VARIABLE IN RANGE PARENTESIS_INICIAL DIGITO PARENTESIS_FINAL DOS_PUNTOS PRINT PARENTESIS_INICIAL COMILLA VARIABLE COMILLA PARENTESIS_FINAL PUNTO_Y_COMA .)
    $end            reduce using rule 11 (declaracion -> CONDICIONAL_IF DIGITO MAYOR_QUE DIGITO DOS_PUNTOS CICLO_FOR VARIABLE IN RANGE PARENTESIS_INICIAL DIGITO PARENTESIS_FINAL DOS_PUNTOS PRINT PARENTESIS_INICIAL COMILLA VARIABLE COMILLA PARENTESIS_FINAL PUNTO_Y_COMA .)


state 169

    (12) declaracion -> CONDICIONAL_IF DIGITO MENOR_QUE DIGITO DOS_PUNTOS CICLO_FOR VARIABLE IN RANGE PARENTESIS_INICIAL DIGITO PARENTESIS_FINAL DOS_PUNTOS PRINT PARENTESIS_INICIAL COMILLA VARIABLE COMILLA PARENTESIS_FINAL PUNTO_Y_COMA .

    VARIABLE        reduce using rule 12 (declaracion -> CONDICIONAL_IF DIGITO MENOR_QUE DIGITO DOS_PUNTOS CICLO_FOR VARIABLE IN RANGE PARENTESIS_INICIAL DIGITO PARENTESIS_FINAL DOS_PUNTOS PRINT PARENTESIS_INICIAL COMILLA VARIABLE COMILLA PARENTESIS_FINAL PUNTO_Y_COMA .)
    CONDICIONAL_IF  reduce using rule 12 (declaracion -> CONDICIONAL_IF DIGITO MENOR_QUE DIGITO DOS_PUNTOS CICLO_FOR VARIABLE IN RANGE PARENTESIS_INICIAL DIGITO PARENTESIS_FINAL DOS_PUNTOS PRINT PARENTESIS_INICIAL COMILLA VARIABLE COMILLA PARENTESIS_FINAL PUNTO_Y_COMA .)
    FUNCION_DEF     reduce using rule 12 (declaracion -> CONDICIONAL_IF DIGITO MENOR_QUE DIGITO DOS_PUNTOS CICLO_FOR VARIABLE IN RANGE PARENTESIS_INICIAL DIGITO PARENTESIS_FINAL DOS_PUNTOS PRINT PARENTESIS_INICIAL COMILLA VARIABLE COMILLA PARENTESIS_FINAL PUNTO_Y_COMA .)
    CICLO_FOR       reduce using rule 12 (declaracion -> CONDICIONAL_IF DIGITO MENOR_QUE DIGITO DOS_PUNTOS CICLO_FOR VARIABLE IN RANGE PARENTESIS_INICIAL DIGITO PARENTESIS_FINAL DOS_PUNTOS PRINT PARENTESIS_INICIAL COMILLA VARIABLE COMILLA PARENTESIS_FINAL PUNTO_Y_COMA .)
    PRINT           reduce using rule 12 (declaracion -> CONDICIONAL_IF DIGITO MENOR_QUE DIGITO DOS_PUNTOS CICLO_FOR VARIABLE IN RANGE PARENTESIS_INICIAL DIGITO PARENTESIS_FINAL DOS_PUNTOS PRINT PARENTESIS_INICIAL COMILLA VARIABLE COMILLA PARENTESIS_FINAL PUNTO_Y_COMA .)
    $end            reduce using rule 12 (declaracion -> CONDICIONAL_IF DIGITO MENOR_QUE DIGITO DOS_PUNTOS CICLO_FOR VARIABLE IN RANGE PARENTESIS_INICIAL DIGITO PARENTESIS_FINAL DOS_PUNTOS PRINT PARENTESIS_INICIAL COMILLA VARIABLE COMILLA PARENTESIS_FINAL PUNTO_Y_COMA .)


state 170

    (13) declaracion -> CONDICIONAL_IF DIGITO MENOR_IGUAL DIGITO DOS_PUNTOS CICLO_FOR VARIABLE IN RANGE PARENTESIS_INICIAL DIGITO PARENTESIS_FINAL DOS_PUNTOS PRINT PARENTESIS_INICIAL COMILLA VARIABLE COMILLA PARENTESIS_FINAL PUNTO_Y_COMA .

    VARIABLE        reduce using rule 13 (declaracion -> CONDICIONAL_IF DIGITO MENOR_IGUAL DIGITO DOS_PUNTOS CICLO_FOR VARIABLE IN RANGE PARENTESIS_INICIAL DIGITO PARENTESIS_FINAL DOS_PUNTOS PRINT PARENTESIS_INICIAL COMILLA VARIABLE COMILLA PARENTESIS_FINAL PUNTO_Y_COMA .)
    CONDICIONAL_IF  reduce using rule 13 (declaracion -> CONDICIONAL_IF DIGITO MENOR_IGUAL DIGITO DOS_PUNTOS CICLO_FOR VARIABLE IN RANGE PARENTESIS_INICIAL DIGITO PARENTESIS_FINAL DOS_PUNTOS PRINT PARENTESIS_INICIAL COMILLA VARIABLE COMILLA PARENTESIS_FINAL PUNTO_Y_COMA .)
    FUNCION_DEF     reduce using rule 13 (declaracion -> CONDICIONAL_IF DIGITO MENOR_IGUAL DIGITO DOS_PUNTOS CICLO_FOR VARIABLE IN RANGE PARENTESIS_INICIAL DIGITO PARENTESIS_FINAL DOS_PUNTOS PRINT PARENTESIS_INICIAL COMILLA VARIABLE COMILLA PARENTESIS_FINAL PUNTO_Y_COMA .)
    CICLO_FOR       reduce using rule 13 (declaracion -> CONDICIONAL_IF DIGITO MENOR_IGUAL DIGITO DOS_PUNTOS CICLO_FOR VARIABLE IN RANGE PARENTESIS_INICIAL DIGITO PARENTESIS_FINAL DOS_PUNTOS PRINT PARENTESIS_INICIAL COMILLA VARIABLE COMILLA PARENTESIS_FINAL PUNTO_Y_COMA .)
    PRINT           reduce using rule 13 (declaracion -> CONDICIONAL_IF DIGITO MENOR_IGUAL DIGITO DOS_PUNTOS CICLO_FOR VARIABLE IN RANGE PARENTESIS_INICIAL DIGITO PARENTESIS_FINAL DOS_PUNTOS PRINT PARENTESIS_INICIAL COMILLA VARIABLE COMILLA PARENTESIS_FINAL PUNTO_Y_COMA .)
    $end            reduce using rule 13 (declaracion -> CONDICIONAL_IF DIGITO MENOR_IGUAL DIGITO DOS_PUNTOS CICLO_FOR VARIABLE IN RANGE PARENTESIS_INICIAL DIGITO PARENTESIS_FINAL DOS_PUNTOS PRINT PARENTESIS_INICIAL COMILLA VARIABLE COMILLA PARENTESIS_FINAL PUNTO_Y_COMA .)


state 171

    (14) declaracion -> CONDICIONAL_IF DIGITO MAYOR_IGUAL DIGITO DOS_PUNTOS CICLO_FOR VARIABLE IN RANGE PARENTESIS_INICIAL DIGITO PARENTESIS_FINAL DOS_PUNTOS PRINT PARENTESIS_INICIAL COMILLA VARIABLE COMILLA PARENTESIS_FINAL PUNTO_Y_COMA .

    VARIABLE        reduce using rule 14 (declaracion -> CONDICIONAL_IF DIGITO MAYOR_IGUAL DIGITO DOS_PUNTOS CICLO_FOR VARIABLE IN RANGE PARENTESIS_INICIAL DIGITO PARENTESIS_FINAL DOS_PUNTOS PRINT PARENTESIS_INICIAL COMILLA VARIABLE COMILLA PARENTESIS_FINAL PUNTO_Y_COMA .)
    CONDICIONAL_IF  reduce using rule 14 (declaracion -> CONDICIONAL_IF DIGITO MAYOR_IGUAL DIGITO DOS_PUNTOS CICLO_FOR VARIABLE IN RANGE PARENTESIS_INICIAL DIGITO PARENTESIS_FINAL DOS_PUNTOS PRINT PARENTESIS_INICIAL COMILLA VARIABLE COMILLA PARENTESIS_FINAL PUNTO_Y_COMA .)
    FUNCION_DEF     reduce using rule 14 (declaracion -> CONDICIONAL_IF DIGITO MAYOR_IGUAL DIGITO DOS_PUNTOS CICLO_FOR VARIABLE IN RANGE PARENTESIS_INICIAL DIGITO PARENTESIS_FINAL DOS_PUNTOS PRINT PARENTESIS_INICIAL COMILLA VARIABLE COMILLA PARENTESIS_FINAL PUNTO_Y_COMA .)
    CICLO_FOR       reduce using rule 14 (declaracion -> CONDICIONAL_IF DIGITO MAYOR_IGUAL DIGITO DOS_PUNTOS CICLO_FOR VARIABLE IN RANGE PARENTESIS_INICIAL DIGITO PARENTESIS_FINAL DOS_PUNTOS PRINT PARENTESIS_INICIAL COMILLA VARIABLE COMILLA PARENTESIS_FINAL PUNTO_Y_COMA .)
    PRINT           reduce using rule 14 (declaracion -> CONDICIONAL_IF DIGITO MAYOR_IGUAL DIGITO DOS_PUNTOS CICLO_FOR VARIABLE IN RANGE PARENTESIS_INICIAL DIGITO PARENTESIS_FINAL DOS_PUNTOS PRINT PARENTESIS_INICIAL COMILLA VARIABLE COMILLA PARENTESIS_FINAL PUNTO_Y_COMA .)
    $end            reduce using rule 14 (declaracion -> CONDICIONAL_IF DIGITO MAYOR_IGUAL DIGITO DOS_PUNTOS CICLO_FOR VARIABLE IN RANGE PARENTESIS_INICIAL DIGITO PARENTESIS_FINAL DOS_PUNTOS PRINT PARENTESIS_INICIAL COMILLA VARIABLE COMILLA PARENTESIS_FINAL PUNTO_Y_COMA .)


state 172

    (16) declaracion -> FUNCION_DEF VARIABLE PARENTESIS_INICIAL PARENTESIS_FINAL DOS_PUNTOS CICLO_FOR VARIABLE IN RANGE PARENTESIS_INICIAL DIGITO PARENTESIS_FINAL DOS_PUNTOS PRINT PARENTESIS_INICIAL COMILLA VARIABLE COMILLA PARENTESIS_FINAL PUNTO_Y_COMA .

    VARIABLE        reduce using rule 16 (declaracion -> FUNCION_DEF VARIABLE PARENTESIS_INICIAL PARENTESIS_FINAL DOS_PUNTOS CICLO_FOR VARIABLE IN RANGE PARENTESIS_INICIAL DIGITO PARENTESIS_FINAL DOS_PUNTOS PRINT PARENTESIS_INICIAL COMILLA VARIABLE COMILLA PARENTESIS_FINAL PUNTO_Y_COMA .)
    CONDICIONAL_IF  reduce using rule 16 (declaracion -> FUNCION_DEF VARIABLE PARENTESIS_INICIAL PARENTESIS_FINAL DOS_PUNTOS CICLO_FOR VARIABLE IN RANGE PARENTESIS_INICIAL DIGITO PARENTESIS_FINAL DOS_PUNTOS PRINT PARENTESIS_INICIAL COMILLA VARIABLE COMILLA PARENTESIS_FINAL PUNTO_Y_COMA .)
    FUNCION_DEF     reduce using rule 16 (declaracion -> FUNCION_DEF VARIABLE PARENTESIS_INICIAL PARENTESIS_FINAL DOS_PUNTOS CICLO_FOR VARIABLE IN RANGE PARENTESIS_INICIAL DIGITO PARENTESIS_FINAL DOS_PUNTOS PRINT PARENTESIS_INICIAL COMILLA VARIABLE COMILLA PARENTESIS_FINAL PUNTO_Y_COMA .)
    CICLO_FOR       reduce using rule 16 (declaracion -> FUNCION_DEF VARIABLE PARENTESIS_INICIAL PARENTESIS_FINAL DOS_PUNTOS CICLO_FOR VARIABLE IN RANGE PARENTESIS_INICIAL DIGITO PARENTESIS_FINAL DOS_PUNTOS PRINT PARENTESIS_INICIAL COMILLA VARIABLE COMILLA PARENTESIS_FINAL PUNTO_Y_COMA .)
    PRINT           reduce using rule 16 (declaracion -> FUNCION_DEF VARIABLE PARENTESIS_INICIAL PARENTESIS_FINAL DOS_PUNTOS CICLO_FOR VARIABLE IN RANGE PARENTESIS_INICIAL DIGITO PARENTESIS_FINAL DOS_PUNTOS PRINT PARENTESIS_INICIAL COMILLA VARIABLE COMILLA PARENTESIS_FINAL PUNTO_Y_COMA .)
    $end            reduce using rule 16 (declaracion -> FUNCION_DEF VARIABLE PARENTESIS_INICIAL PARENTESIS_FINAL DOS_PUNTOS CICLO_FOR VARIABLE IN RANGE PARENTESIS_INICIAL DIGITO PARENTESIS_FINAL DOS_PUNTOS PRINT PARENTESIS_INICIAL COMILLA VARIABLE COMILLA PARENTESIS_FINAL PUNTO_Y_COMA .)

